2024-04-29 17:39:39,388 DEBUG    root            Loaded Command Group: ['gcloud', 'auth']
2024-04-29 17:39:39,393 DEBUG    root            Loaded Command Group: ['gcloud', 'auth', 'login']
2024-04-29 17:39:39,394 DEBUG    root            Running [gcloud.auth.login] with arguments: []
2024-04-29 17:39:39,912 DEBUG    requests_oauthlib.oauth2_session Generated new state YwK0vUgCVZ5fU9pISdYQWh30EC1koA.
2024-04-29 17:39:39,912 INFO     ___FILE_ONLY___ Go to the following link in your browser:

    https://accounts.google.com/o/oauth2/auth?response_type=code&client_id=32555940559.apps.googleusercontent.com&redirect_uri=https%3A%2F%2Fsdk.cloud.google.com%2Fauthcode.html&scope=openid+https%3A%2F%2Fwww.googleapis.com%2Fauth%2Fuserinfo.email+https%3A%2F%2Fwww.googleapis.com%2Fauth%2Fcloud-platform+https%3A%2F%2Fwww.googleapis.com%2Fauth%2Fappengine.admin+https%3A%2F%2Fwww.googleapis.com%2Fauth%2Fsqlservice.login+https%3A%2F%2Fwww.googleapis.com%2Fauth%2Fcompute+https%3A%2F%2Fwww.googleapis.com%2Fauth%2Faccounts.reauth&state=YwK0vUgCVZ5fU9pISdYQWh30EC1koA&prompt=consent&access_type=offline&code_challenge=vrKa3qjXKVwlLh4LDRFq7LiH-wOaSg1wTvfcEMV2_lI&code_challenge_method=S256


2024-04-29 17:39:57,757 DEBUG    requests_oauthlib.oauth2_session Requesting url https://oauth2.googleapis.com/token using method POST.
2024-04-29 17:39:57,757 DEBUG    requests_oauthlib.oauth2_session Supplying headers {b'Accept': b'application/json', b'Content-Type': b'application/x-www-form-urlencoded;charset=UTF-8', b'user-agent': b'google-cloud-sdk gcloud/446.0.1 command/gcloud.auth.login invocation-id/62d15477197b4155933194eeb3363aa0 environment/None environment-version/None client-os/LINUX client-os-ver/5.15.146 client-pltf-arch/x86_64 interactive/True from-script/False python/3.9.16 term/tmux-256color (Linux 5.15.146.1-microsoft-standard-WSL2)'} and data {'grant_type': 'authorization_code', 'client_id': '32555940559.apps.googleusercontent.com', 'client_secret': 'ZmssLNjJy2998hD4CTg2ejr2', 'code': '4/0AeaYSHAQ9NYmiFMe2Oy9jvrXS7IDTTMQo7jQGVRCahrDpJusMF6zLLAq2TZYWOGNtkhL1w', 'redirect_uri': 'https://sdk.cloud.google.com/authcode.html', 'code_verifier': '30mXG4dzT5PcDhJwXpBdt.jJ6RD_IOEfD~IqJtFPSmcrU6NEkX4ymFn8it1yUCy1HiDWaykIgPw-maz~s_rY7PxEAF-_~gccyUj6zW6gdM8kL3IpF7BJmnamUPzyTujx'}
2024-04-29 17:39:57,757 DEBUG    requests_oauthlib.oauth2_session Passing through key word arguments {'json': None, 'timeout': None, 'auth': None, 'verify': None, 'proxies': None}.
2024-04-29 17:39:57,759 DEBUG    urllib3.connectionpool Starting new HTTPS connection (1): oauth2.googleapis.com:443
2024-04-29 17:39:57,899 DEBUG    urllib3.connectionpool https://oauth2.googleapis.com:443 "POST /token HTTP/1.1" 200 None
2024-04-29 17:39:57,900 DEBUG    requests_oauthlib.oauth2_session Prepared fetch token request body grant_type=authorization_code&client_id=32555940559.apps.googleusercontent.com&client_secret=ZmssLNjJy2998hD4CTg2ejr2&code=4%2F0AeaYSHAQ9NYmiFMe2Oy9jvrXS7IDTTMQo7jQGVRCahrDpJusMF6zLLAq2TZYWOGNtkhL1w&redirect_uri=https%3A%2F%2Fsdk.cloud.google.com%2Fauthcode.html&code_verifier=30mXG4dzT5PcDhJwXpBdt.jJ6RD_IOEfD~IqJtFPSmcrU6NEkX4ymFn8it1yUCy1HiDWaykIgPw-maz~s_rY7PxEAF-_~gccyUj6zW6gdM8kL3IpF7BJmnamUPzyTujx
2024-04-29 17:39:57,900 DEBUG    requests_oauthlib.oauth2_session Request to fetch token completed with status 200.
2024-04-29 17:39:57,900 DEBUG    requests_oauthlib.oauth2_session Request headers were {'user-agent': b'google-cloud-sdk gcloud/446.0.1 command/gcloud.auth.login invocation-id/62d15477197b4155933194eeb3363aa0 environment/None environment-version/None client-os/LINUX client-os-ver/5.15.146 client-pltf-arch/x86_64 interactive/True from-script/False python/3.9.16 term/tmux-256color (Linux 5.15.146.1-microsoft-standard-WSL2)', 'Accept-Encoding': 'gzip, deflate', 'Accept': b'application/json', 'Connection': 'keep-alive', 'Content-Type': b'application/x-www-form-urlencoded;charset=UTF-8', 'Content-Length': '405'}
2024-04-29 17:39:57,900 DEBUG    requests_oauthlib.oauth2_session Request body was grant_type=authorization_code&client_id=32555940559.apps.googleusercontent.com&client_secret=ZmssLNjJy2998hD4CTg2ejr2&code=4%2F0AeaYSHAQ9NYmiFMe2Oy9jvrXS7IDTTMQo7jQGVRCahrDpJusMF6zLLAq2TZYWOGNtkhL1w&redirect_uri=https%3A%2F%2Fsdk.cloud.google.com%2Fauthcode.html&code_verifier=30mXG4dzT5PcDhJwXpBdt.jJ6RD_IOEfD~IqJtFPSmcrU6NEkX4ymFn8it1yUCy1HiDWaykIgPw-maz~s_rY7PxEAF-_~gccyUj6zW6gdM8kL3IpF7BJmnamUPzyTujx
2024-04-29 17:39:57,900 DEBUG    requests_oauthlib.oauth2_session Response headers were {'Date': 'Mon, 29 Apr 2024 16:39:56 GMT', 'Pragma': 'no-cache', 'Cache-Control': 'no-cache, no-store, max-age=0, must-revalidate', 'Expires': 'Mon, 01 Jan 1990 00:00:00 GMT', 'Content-Type': 'application/json; charset=utf-8', 'Vary': 'Origin, X-Origin, Referer', 'Content-Encoding': 'gzip', 'Server': 'scaffolding on HTTPServer2', 'X-XSS-Protection': '0', 'X-Frame-Options': 'SAMEORIGIN', 'X-Content-Type-Options': 'nosniff', 'Alt-Svc': 'h3=":443"; ma=2592000,h3-29=":443"; ma=2592000', 'Transfer-Encoding': 'chunked'} and content {
  "access_token": "ya29.a0Ad52N3_O5Yp2kt1hOS8HfCkDFCUpAjtdnHMt_ftV1vUy4XSibYHRV2grn_hg_k1zRV0e2g3awzU0OouVA63A5TyEJ8ux5vqhif9xYd3az2doYkR44AHo9MwRi0qw4Mr9wrELcncp1QDmp_XVMdSTWxMVmiwkXlkN6PQYLJjpEQaCgYKAQsSARASFQHGX2MicaCZLZ9TD09HD40ErV-AlQ0177",
  "expires_in": 3599,
  "refresh_token": "1//036AcRqkbTv3cCgYIARAAGAMSNwF-L9IrDhQl0eIRzmfAvOTAZniJ_5_1MguVocx2D7lHczC79Nr4tplriB8QWe3m8SOUdhtWRdQ",
  "scope": "https://www.googleapis.com/auth/userinfo.email openid https://www.googleapis.com/auth/compute https://www.googleapis.com/auth/accounts.reauth https://www.googleapis.com/auth/appengine.admin https://www.googleapis.com/auth/cloud-platform https://www.googleapis.com/auth/sqlservice.login",
  "token_type": "Bearer",
  "id_token": "eyJhbGciOiJSUzI1NiIsImtpZCI6ImUxYjkzYzY0MDE0NGI4NGJkMDViZjI5NmQ2NzI2MmI2YmM2MWE0ODciLCJ0eXAiOiJKV1QifQ.eyJpc3MiOiJodHRwczovL2FjY291bnRzLmdvb2dsZS5jb20iLCJhenAiOiIzMjU1NTk0MDU1OS5hcHBzLmdvb2dsZXVzZXJjb250ZW50LmNvbSIsImF1ZCI6IjMyNTU1OTQwNTU5LmFwcHMuZ29vZ2xldXNlcmNvbnRlbnQuY29tIiwic3ViIjoiMTEyNTYyOTQ4Nzg4NTgwNTQ2MDA3IiwiaGQiOiJnYmdwbGF0Zm9ybXMuY29tIiwiZW1haWwiOiJtaWNoYWVsLmFiYm90dEBnYmdwbGF0Zm9ybXMuY29tIiwiZW1haWxfdmVyaWZpZWQiOnRydWUsImF0X2hhc2giOiJnUk5aVm0zWkRGeldJLWEwbFVQOEN3IiwiaWF0IjoxNzE0NDA4Nzk2LCJleHAiOjE3MTQ0MTIzOTZ9.I8_LyXs5ConwvasbOSCMZ6RoH_VfZfXFf_IVSgCkrg4b0NtvbRbWPUPQINPa2hDj2jQWMmOeLCgku8uq2qts0cjyWoU8FZe1RfEAnPjKYwgFMIehUTYcyidWRYCVkmFx8WFSQ45VAQVyTXkIWHEptOBgyCNotjsLR07g3ugy-ckSgrG4IYySZ9z0khdYyut-XcOYtm53sN_8d0Bus-usIGCqj5L15Ac3qkvkaQU-WydDqrGHuFHf6kStDVyARGEhx_CD6esjDyeJKGbAhnvQ6oFrvAEc2b32_jmp7rT-kGc6WEDmWC7q6dFeWX_nYY2XBdW5IOtsW_AdWBg9wnfCKA"
}.
2024-04-29 17:39:57,900 DEBUG    requests_oauthlib.oauth2_session Invoking 0 token response hooks.
2024-04-29 17:39:57,900 DEBUG    requests_oauthlib.oauth2_session Obtained token {'access_token': 'ya29.a0Ad52N3_O5Yp2kt1hOS8HfCkDFCUpAjtdnHMt_ftV1vUy4XSibYHRV2grn_hg_k1zRV0e2g3awzU0OouVA63A5TyEJ8ux5vqhif9xYd3az2doYkR44AHo9MwRi0qw4Mr9wrELcncp1QDmp_XVMdSTWxMVmiwkXlkN6PQYLJjpEQaCgYKAQsSARASFQHGX2MicaCZLZ9TD09HD40ErV-AlQ0177', 'expires_in': 3599, 'refresh_token': '1//036AcRqkbTv3cCgYIARAAGAMSNwF-L9IrDhQl0eIRzmfAvOTAZniJ_5_1MguVocx2D7lHczC79Nr4tplriB8QWe3m8SOUdhtWRdQ', 'scope': ['https://www.googleapis.com/auth/userinfo.email', 'openid', 'https://www.googleapis.com/auth/compute', 'https://www.googleapis.com/auth/accounts.reauth', 'https://www.googleapis.com/auth/appengine.admin', 'https://www.googleapis.com/auth/cloud-platform', 'https://www.googleapis.com/auth/sqlservice.login'], 'token_type': 'Bearer', 'id_token': 'eyJhbGciOiJSUzI1NiIsImtpZCI6ImUxYjkzYzY0MDE0NGI4NGJkMDViZjI5NmQ2NzI2MmI2YmM2MWE0ODciLCJ0eXAiOiJKV1QifQ.eyJpc3MiOiJodHRwczovL2FjY291bnRzLmdvb2dsZS5jb20iLCJhenAiOiIzMjU1NTk0MDU1OS5hcHBzLmdvb2dsZXVzZXJjb250ZW50LmNvbSIsImF1ZCI6IjMyNTU1OTQwNTU5LmFwcHMuZ29vZ2xldXNlcmNvbnRlbnQuY29tIiwic3ViIjoiMTEyNTYyOTQ4Nzg4NTgwNTQ2MDA3IiwiaGQiOiJnYmdwbGF0Zm9ybXMuY29tIiwiZW1haWwiOiJtaWNoYWVsLmFiYm90dEBnYmdwbGF0Zm9ybXMuY29tIiwiZW1haWxfdmVyaWZpZWQiOnRydWUsImF0X2hhc2giOiJnUk5aVm0zWkRGeldJLWEwbFVQOEN3IiwiaWF0IjoxNzE0NDA4Nzk2LCJleHAiOjE3MTQ0MTIzOTZ9.I8_LyXs5ConwvasbOSCMZ6RoH_VfZfXFf_IVSgCkrg4b0NtvbRbWPUPQINPa2hDj2jQWMmOeLCgku8uq2qts0cjyWoU8FZe1RfEAnPjKYwgFMIehUTYcyidWRYCVkmFx8WFSQ45VAQVyTXkIWHEptOBgyCNotjsLR07g3ugy-ckSgrG4IYySZ9z0khdYyut-XcOYtm53sN_8d0Bus-usIGCqj5L15Ac3qkvkaQU-WydDqrGHuFHf6kStDVyARGEhx_CD6esjDyeJKGbAhnvQ6oFrvAEc2b32_jmp7rT-kGc6WEDmWC7q6dFeWX_nYY2XBdW5IOtsW_AdWBg9wnfCKA', 'expires_at': 1714412396.9008937}.
2024-04-29 17:39:57,914 INFO     ___FILE_ONLY___ 
You are now logged in as [michael.abbott@gbgplatforms.com].
Your current project is [None].  You can change this setting by running:
  $ gcloud config set project PROJECT_ID

2024-04-29 17:39:57,914 DEBUG    root            Chosen display Format:none
2024-04-29 17:39:57,915 INFO     root            Display format: "none"
2024-04-29 17:39:57,915 DEBUG    root            Checking for updates...
2024-04-29 17:39:57,919 DEBUG    urllib3.connectionpool Starting new HTTPS connection (1): dl.google.com:443
2024-04-29 17:39:58,017 DEBUG    urllib3.connectionpool https://dl.google.com:443 "GET /dl/cloudsdk/channels/rapid/components-2.json HTTP/1.1" 200 222653
2024-04-29 17:39:58,091 DEBUG    root            Updating notification cache...
2024-04-29 17:39:58,091 DEBUG    root            Activating notification: [default]
2024-04-29 17:39:58,091 INFO     ___FILE_ONLY___ 

Updates are available for some Google Cloud CLI components.  To install them,
please run:
  $ gcloud components update


