2024-05-12 16:16:49,426 DEBUG    root            Loaded Command Group: ['gcloud', 'auth']
2024-05-12 16:16:49,429 DEBUG    root            Loaded Command Group: ['gcloud', 'auth', 'login']
2024-05-12 16:16:49,431 DEBUG    root            Running [gcloud.auth.login] with arguments: []
2024-05-12 16:16:49,913 DEBUG    requests_oauthlib.oauth2_session Generated new state 77YNYsltHIE4oO3qYjiUjMwcTpPH3A.
2024-05-12 16:16:49,914 INFO     ___FILE_ONLY___ Go to the following link in your browser:

    https://accounts.google.com/o/oauth2/auth?response_type=code&client_id=32555940559.apps.googleusercontent.com&redirect_uri=https%3A%2F%2Fsdk.cloud.google.com%2Fauthcode.html&scope=openid+https%3A%2F%2Fwww.googleapis.com%2Fauth%2Fuserinfo.email+https%3A%2F%2Fwww.googleapis.com%2Fauth%2Fcloud-platform+https%3A%2F%2Fwww.googleapis.com%2Fauth%2Fappengine.admin+https%3A%2F%2Fwww.googleapis.com%2Fauth%2Fsqlservice.login+https%3A%2F%2Fwww.googleapis.com%2Fauth%2Fcompute+https%3A%2F%2Fwww.googleapis.com%2Fauth%2Faccounts.reauth&state=77YNYsltHIE4oO3qYjiUjMwcTpPH3A&prompt=consent&access_type=offline&code_challenge=bjwuhAvxefLS8g-6hYnmlsiL1HSduCHcShg143cc-eM&code_challenge_method=S256


2024-05-12 16:17:08,754 DEBUG    requests_oauthlib.oauth2_session Requesting url https://oauth2.googleapis.com/token using method POST.
2024-05-12 16:17:08,754 DEBUG    requests_oauthlib.oauth2_session Supplying headers {b'Accept': b'application/json', b'Content-Type': b'application/x-www-form-urlencoded;charset=UTF-8', b'user-agent': b'google-cloud-sdk gcloud/446.0.1 command/gcloud.auth.login invocation-id/cc84dddcd48f4b909bc1084d0a34b826 environment/None environment-version/None client-os/LINUX client-os-ver/5.15.146 client-pltf-arch/x86_64 interactive/True from-script/False python/3.9.16 term/tmux-256color (Linux 5.15.146.1-microsoft-standard-WSL2)'} and data {'grant_type': 'authorization_code', 'client_id': '32555940559.apps.googleusercontent.com', 'client_secret': 'ZmssLNjJy2998hD4CTg2ejr2', 'code': '4/0AdLIrYfDhv-LtDNNF2nSNoCRuhB8YD09z7hfilOyNofkdQK98CafjOEVrdf_zJR4Ocnw6w', 'redirect_uri': 'https://sdk.cloud.google.com/authcode.html', 'code_verifier': 'SVq1yioO1KemGq7xfIex6kRmpJQap55FSeKcoB0mT81zWnIZqC49AtmR.OHKhwwlFWO0j_T2.3rnM_qJaQiuHxGV~dmaNdgLwvOmuEe.5d_7HMzzb_L3FF21AgEAJaFp'}
2024-05-12 16:17:08,754 DEBUG    requests_oauthlib.oauth2_session Passing through key word arguments {'json': None, 'timeout': None, 'auth': None, 'verify': None, 'proxies': None}.
2024-05-12 16:17:08,756 DEBUG    urllib3.connectionpool Starting new HTTPS connection (1): oauth2.googleapis.com:443
2024-05-12 16:17:08,886 DEBUG    urllib3.connectionpool https://oauth2.googleapis.com:443 "POST /token HTTP/1.1" 200 None
2024-05-12 16:17:08,886 DEBUG    requests_oauthlib.oauth2_session Prepared fetch token request body grant_type=authorization_code&client_id=32555940559.apps.googleusercontent.com&client_secret=ZmssLNjJy2998hD4CTg2ejr2&code=4%2F0AdLIrYfDhv-LtDNNF2nSNoCRuhB8YD09z7hfilOyNofkdQK98CafjOEVrdf_zJR4Ocnw6w&redirect_uri=https%3A%2F%2Fsdk.cloud.google.com%2Fauthcode.html&code_verifier=SVq1yioO1KemGq7xfIex6kRmpJQap55FSeKcoB0mT81zWnIZqC49AtmR.OHKhwwlFWO0j_T2.3rnM_qJaQiuHxGV~dmaNdgLwvOmuEe.5d_7HMzzb_L3FF21AgEAJaFp
2024-05-12 16:17:08,886 DEBUG    requests_oauthlib.oauth2_session Request to fetch token completed with status 200.
2024-05-12 16:17:08,886 DEBUG    requests_oauthlib.oauth2_session Request headers were {'user-agent': b'google-cloud-sdk gcloud/446.0.1 command/gcloud.auth.login invocation-id/cc84dddcd48f4b909bc1084d0a34b826 environment/None environment-version/None client-os/LINUX client-os-ver/5.15.146 client-pltf-arch/x86_64 interactive/True from-script/False python/3.9.16 term/tmux-256color (Linux 5.15.146.1-microsoft-standard-WSL2)', 'Accept-Encoding': 'gzip, deflate', 'Accept': b'application/json', 'Connection': 'keep-alive', 'Content-Type': b'application/x-www-form-urlencoded;charset=UTF-8', 'Content-Length': '405'}
2024-05-12 16:17:08,886 DEBUG    requests_oauthlib.oauth2_session Request body was grant_type=authorization_code&client_id=32555940559.apps.googleusercontent.com&client_secret=ZmssLNjJy2998hD4CTg2ejr2&code=4%2F0AdLIrYfDhv-LtDNNF2nSNoCRuhB8YD09z7hfilOyNofkdQK98CafjOEVrdf_zJR4Ocnw6w&redirect_uri=https%3A%2F%2Fsdk.cloud.google.com%2Fauthcode.html&code_verifier=SVq1yioO1KemGq7xfIex6kRmpJQap55FSeKcoB0mT81zWnIZqC49AtmR.OHKhwwlFWO0j_T2.3rnM_qJaQiuHxGV~dmaNdgLwvOmuEe.5d_7HMzzb_L3FF21AgEAJaFp
2024-05-12 16:17:08,886 DEBUG    requests_oauthlib.oauth2_session Response headers were {'Cache-Control': 'no-cache, no-store, max-age=0, must-revalidate', 'Expires': 'Mon, 01 Jan 1990 00:00:00 GMT', 'Pragma': 'no-cache', 'Date': 'Sun, 12 May 2024 15:17:07 GMT', 'Content-Type': 'application/json; charset=utf-8', 'Vary': 'Origin, X-Origin, Referer', 'Content-Encoding': 'gzip', 'Server': 'scaffolding on HTTPServer2', 'X-XSS-Protection': '0', 'X-Frame-Options': 'SAMEORIGIN', 'X-Content-Type-Options': 'nosniff', 'Alt-Svc': 'h3=":443"; ma=2592000,h3-29=":443"; ma=2592000', 'Transfer-Encoding': 'chunked'} and content {
  "access_token": "ya29.a0AXooCgs-oI2H-TztISXISUGXRDvJ963pMOb7qt0iUhn8BOXzCwNw7yH0FzyaL7lKPr22wzes_DN7o4QUVWVJoMKd1_g-K_TqSV4gwy8wCkeYxv2Wmlw2IgbIpqDDcoVqM17XnlpvjedewyctNWYiRxWXfxQYLg1f9GqJbceqdQaCgYKAToSARMSFQHGX2MiYYf1o9bQ7clCrFXvGTTr3A0177",
  "expires_in": 3599,
  "refresh_token": "1//03devnizTyXBYCgYIARAAGAMSNwF-L9IrWm22cHMTDaV_8zWzm_smpZjAiPAUKsGj9rQgF3qSycALILi_bGLUXk1dKdXpHiFWxLg",
  "scope": "https://www.googleapis.com/auth/appengine.admin https://www.googleapis.com/auth/cloud-platform https://www.googleapis.com/auth/compute https://www.googleapis.com/auth/accounts.reauth https://www.googleapis.com/auth/sqlservice.login https://www.googleapis.com/auth/userinfo.email openid",
  "token_type": "Bearer",
  "id_token": "eyJhbGciOiJSUzI1NiIsImtpZCI6ImEzYjc2MmY4NzFjZGIzYmFlMDA0NGM2NDk2MjJmYzEzOTZlZGEzZTMiLCJ0eXAiOiJKV1QifQ.eyJpc3MiOiJodHRwczovL2FjY291bnRzLmdvb2dsZS5jb20iLCJhenAiOiIzMjU1NTk0MDU1OS5hcHBzLmdvb2dsZXVzZXJjb250ZW50LmNvbSIsImF1ZCI6IjMyNTU1OTQwNTU5LmFwcHMuZ29vZ2xldXNlcmNvbnRlbnQuY29tIiwic3ViIjoiMTAzODA4NTk1OTU0NTMwMTAwNTg5IiwiaGQiOiJzd2xhYnMuZnlpIiwiZW1haWwiOiJhZG1pbkBzd2xhYnMuZnlpIiwiZW1haWxfdmVyaWZpZWQiOnRydWUsImF0X2hhc2giOiJuTmZxSDhVbXhlR0ZGRTZxc3RXd013IiwiaWF0IjoxNzE1NTI3MDI3LCJleHAiOjE3MTU1MzA2Mjd9.a8KNL3_B8C1_wwHKea5C3dXLZyIdrmyf95gM_5zFOOZ2DCgqa24g2o1wa2FMP2TodFwLqm4ToHRypr67y5Ds1RlT6YqHClp0ejtlFPT-3RwyNoeNZkBfr_ZHhScd2GRetmXKUzPK1NfsQEExPVdXceSKnLK03xoOazJ1EJWcSqJueLLlutjn5lFf9D776gNx0MA91IbBc14eNSGdcE_nUZBtyqX6MfBWi_bCwdTxbtnW49l7i3bx3VFsiQ4_3j6sa_cjpqtw96J4gQduGPwcZ4qV5e1aPpptfKfUIpk3DN-yOnyPIHPqCPoma1zXTO3CPJUV-7KpXoqt0oj7YOlXBA"
}.
2024-05-12 16:17:08,886 DEBUG    requests_oauthlib.oauth2_session Invoking 0 token response hooks.
2024-05-12 16:17:08,887 DEBUG    requests_oauthlib.oauth2_session Obtained token {'access_token': 'ya29.a0AXooCgs-oI2H-TztISXISUGXRDvJ963pMOb7qt0iUhn8BOXzCwNw7yH0FzyaL7lKPr22wzes_DN7o4QUVWVJoMKd1_g-K_TqSV4gwy8wCkeYxv2Wmlw2IgbIpqDDcoVqM17XnlpvjedewyctNWYiRxWXfxQYLg1f9GqJbceqdQaCgYKAToSARMSFQHGX2MiYYf1o9bQ7clCrFXvGTTr3A0177', 'expires_in': 3599, 'refresh_token': '1//03devnizTyXBYCgYIARAAGAMSNwF-L9IrWm22cHMTDaV_8zWzm_smpZjAiPAUKsGj9rQgF3qSycALILi_bGLUXk1dKdXpHiFWxLg', 'scope': ['https://www.googleapis.com/auth/appengine.admin', 'https://www.googleapis.com/auth/cloud-platform', 'https://www.googleapis.com/auth/compute', 'https://www.googleapis.com/auth/accounts.reauth', 'https://www.googleapis.com/auth/sqlservice.login', 'https://www.googleapis.com/auth/userinfo.email', 'openid'], 'token_type': 'Bearer', 'id_token': 'eyJhbGciOiJSUzI1NiIsImtpZCI6ImEzYjc2MmY4NzFjZGIzYmFlMDA0NGM2NDk2MjJmYzEzOTZlZGEzZTMiLCJ0eXAiOiJKV1QifQ.eyJpc3MiOiJodHRwczovL2FjY291bnRzLmdvb2dsZS5jb20iLCJhenAiOiIzMjU1NTk0MDU1OS5hcHBzLmdvb2dsZXVzZXJjb250ZW50LmNvbSIsImF1ZCI6IjMyNTU1OTQwNTU5LmFwcHMuZ29vZ2xldXNlcmNvbnRlbnQuY29tIiwic3ViIjoiMTAzODA4NTk1OTU0NTMwMTAwNTg5IiwiaGQiOiJzd2xhYnMuZnlpIiwiZW1haWwiOiJhZG1pbkBzd2xhYnMuZnlpIiwiZW1haWxfdmVyaWZpZWQiOnRydWUsImF0X2hhc2giOiJuTmZxSDhVbXhlR0ZGRTZxc3RXd013IiwiaWF0IjoxNzE1NTI3MDI3LCJleHAiOjE3MTU1MzA2Mjd9.a8KNL3_B8C1_wwHKea5C3dXLZyIdrmyf95gM_5zFOOZ2DCgqa24g2o1wa2FMP2TodFwLqm4ToHRypr67y5Ds1RlT6YqHClp0ejtlFPT-3RwyNoeNZkBfr_ZHhScd2GRetmXKUzPK1NfsQEExPVdXceSKnLK03xoOazJ1EJWcSqJueLLlutjn5lFf9D776gNx0MA91IbBc14eNSGdcE_nUZBtyqX6MfBWi_bCwdTxbtnW49l7i3bx3VFsiQ4_3j6sa_cjpqtw96J4gQduGPwcZ4qV5e1aPpptfKfUIpk3DN-yOnyPIHPqCPoma1zXTO3CPJUV-7KpXoqt0oj7YOlXBA', 'expires_at': 1715530627.8871033}.
2024-05-12 16:17:08,894 INFO     ___FILE_ONLY___ 
You are now logged in as [admin@swlabs.fyi].
Your current project is [None].  You can change this setting by running:
  $ gcloud config set project PROJECT_ID

2024-05-12 16:17:08,894 DEBUG    root            Chosen display Format:none
2024-05-12 16:17:08,894 INFO     root            Display format: "none"
