2024-05-12 16:18:01,750 DEBUG    root            Loaded Command Group: ['gcloud', 'config']
2024-05-12 16:18:01,751 DEBUG    root            Loaded Command Group: ['gcloud', 'config', 'config_helper']
2024-05-12 16:18:01,752 DEBUG    root            Running [gcloud.config.config-helper] with arguments: [--format: "json"]
2024-05-12 16:18:01,756 DEBUG    root            Chosen display Format:default json
2024-05-12 16:18:01,756 INFO     root            Display format: "default json"
2024-05-12 16:18:01,756 INFO     ___FILE_ONLY___ {
  "configuration": {
    "active_configuration": "default",
    "properties": {
      "core": {
        "account": "admin@swlabs.fyi",
        "disable_usage_reporting": "True"
      }
    }
  },
  "credential": {
    "access_token": "ya29.a0AXooCgs-oI2H-TztISXISUGXRDvJ963pMOb7qt0iUhn8BOXzCwNw7yH0FzyaL7lKPr22wzes_DN7o4QUVWVJoMKd1_g-K_TqSV4gwy8wCkeYxv2Wmlw2IgbIpqDDcoVqM17XnlpvjedewyctNWYiRxWXfxQYLg1f9GqJbceqdQaCgYKAToSARMSFQHGX2MiYYf1o9bQ7clCrFXvGTTr3A0177",
    "id_token": "eyJhbGciOiJSUzI1NiIsImtpZCI6ImEzYjc2MmY4NzFjZGIzYmFlMDA0NGM2NDk2MjJmYzEzOTZlZGEzZTMiLCJ0eXAiOiJKV1QifQ.eyJpc3MiOiJodHRwczovL2FjY291bnRzLmdvb2dsZS5jb20iLCJhenAiOiIzMjU1NTk0MDU1OS5hcHBzLmdvb2dsZXVzZXJjb250ZW50LmNvbSIsImF1ZCI6IjMyNTU1OTQwNTU5LmFwcHMuZ29vZ2xldXNlcmNvbnRlbnQuY29tIiwic3ViIjoiMTAzODA4NTk1OTU0NTMwMTAwNTg5IiwiaGQiOiJzd2xhYnMuZnlpIiwiZW1haWwiOiJhZG1pbkBzd2xhYnMuZnlpIiwiZW1haWxfdmVyaWZpZWQiOnRydWUsImF0X2hhc2giOiJuTmZxSDhVbXhlR0ZGRTZxc3RXd013IiwiaWF0IjoxNzE1NTI3MDI3LCJleHAiOjE3MTU1MzA2Mjd9.a8KNL3_B8C1_wwHKea5C3dXLZyIdrmyf95gM_5zFOOZ2DCgqa24g2o1wa2FMP2TodFwLqm4ToHRypr67y5Ds1RlT6YqHClp0ejtlFPT-3RwyNoeNZkBfr_ZHhScd2GRetmXKUzPK1NfsQEExPVdXceSKnLK03xoOazJ1EJWcSqJueLLlutjn5lFf9D776gNx0MA91IbBc14eNSGdcE_nUZBtyqX6MfBWi_bCwdTxbtnW49l7i3bx3VFsiQ4_3j6sa_cjpqtw96J4gQduGPwcZ4qV5e1aPpptfKfUIpk3DN-yOnyPIHPqCPoma1zXTO3CPJUV-7KpXoqt0oj7YOlXBA",
    "token_expiry": "2024-05-12T16:17:07Z"
  },
  "sentinels": {
    "config_sentinel": "/home/dev/.config/gcloud/config_sentinel"
  }
}
2024-05-12 16:18:01,756 INFO     ___FILE_ONLY___ 

