2024-05-12 17:18:34,569 DEBUG    root            Loaded Command Group: ['gcloud', 'config']
2024-05-12 17:18:34,571 DEBUG    root            Loaded Command Group: ['gcloud', 'config', 'config_helper']
2024-05-12 17:18:34,572 DEBUG    root            Running [gcloud.config.config-helper] with arguments: [--format: "json"]
2024-05-12 17:18:34,609 DEBUG    google.auth.transport.requests Making request: POST https://oauth2.googleapis.com/token
2024-05-12 17:18:34,610 DEBUG    urllib3.connectionpool Starting new HTTPS connection (1): oauth2.googleapis.com:443
2024-05-12 17:18:34,737 DEBUG    urllib3.connectionpool https://oauth2.googleapis.com:443 "POST /token HTTP/1.1" 200 None
2024-05-12 17:18:34,742 DEBUG    root            Chosen display Format:default json
2024-05-12 17:18:34,743 INFO     root            Display format: "default json"
2024-05-12 17:18:34,743 INFO     ___FILE_ONLY___ {
  "configuration": {
    "active_configuration": "default",
    "properties": {
      "core": {
        "account": "admin@swlabs.fyi",
        "disable_usage_reporting": "True"
      }
    }
  },
  "credential": {
    "access_token": "ya29.a0AXooCgvUB2uDiEemTX6e9mUcoMwxkUhxXHLjAfDzgn6Cc1N9VNRENSnex7Y8cXn95AA-gN9UZbz5-aX_d0FlQUxZQeg89r3T3S3PKWahpvuvBVSQ7sgjBf2pQ41y9lgbzcHpmA1Lpe4RQL8SnVdumWAHcfX4UEwlyblV5wxGmAaCgYKAbASARMSFQHGX2MiOHayXl1tZF5ooceSP9nUrQ0177",
    "id_token": "eyJhbGciOiJSUzI1NiIsImtpZCI6ImEzYjc2MmY4NzFjZGIzYmFlMDA0NGM2NDk2MjJmYzEzOTZlZGEzZTMiLCJ0eXAiOiJKV1QifQ.eyJpc3MiOiJodHRwczovL2FjY291bnRzLmdvb2dsZS5jb20iLCJhenAiOiIzMjU1NTk0MDU1OS5hcHBzLmdvb2dsZXVzZXJjb250ZW50LmNvbSIsImF1ZCI6IjMyNTU1OTQwNTU5LmFwcHMuZ29vZ2xldXNlcmNvbnRlbnQuY29tIiwic3ViIjoiMTAzODA4NTk1OTU0NTMwMTAwNTg5IiwiaGQiOiJzd2xhYnMuZnlpIiwiZW1haWwiOiJhZG1pbkBzd2xhYnMuZnlpIiwiZW1haWxfdmVyaWZpZWQiOnRydWUsImF0X2hhc2giOiI4bjd6V0JqU0ZFMWpNejFOREJfTG1RIiwiaWF0IjoxNzE1NTMwNzEzLCJleHAiOjE3MTU1MzQzMTN9.oisbs7gyCKS7nG-L1wwq5aqKn8AVKrgrf23U1gaURg6yx1QA50szQ4bLGn02co_ODSYw8JXE9Eg0Uc66oYbUAZtGB9WCqsvQxP6_rCgh7dW8TIH3E0_MUOiXC7o-EbTLLDDmo3P-TH_EMUSV4txcR6bT0Vx7ehFPTZrMaLySsSExVkOqAJ5vseskV27S-LgOJ9eNCDiza1vj_GpbWA3tmU68i4fBXBh0g3nWD51uyMSrpstqkFuqYiAniGuIx--plYX_nBb1WaXIa5VIvP52oMryWvhawLmcvL2K4y3BiK3C8rMZRv8Ms8s58Vw-I6gBXrW4fHlmbESZ2bePw1sAhg",
    "token_expiry": "2024-05-12T17:18:33Z"
  },
  "sentinels": {
    "config_sentinel": "/home/dev/.config/gcloud/config_sentinel"
  }
}
2024-05-12 17:18:34,743 INFO     ___FILE_ONLY___ 

