2024-05-12 19:46:01,227 DEBUG    root            Loaded Command Group: ['gcloud', 'config']
2024-05-12 19:46:01,228 DEBUG    root            Loaded Command Group: ['gcloud', 'config', 'config_helper']
2024-05-12 19:46:01,229 DEBUG    root            Running [gcloud.config.config-helper] with arguments: [--format: "json"]
2024-05-12 19:46:01,261 DEBUG    google.auth.transport.requests Making request: POST https://oauth2.googleapis.com/token
2024-05-12 19:46:01,263 DEBUG    urllib3.connectionpool Starting new HTTPS connection (1): oauth2.googleapis.com:443
2024-05-12 19:46:01,384 DEBUG    urllib3.connectionpool https://oauth2.googleapis.com:443 "POST /token HTTP/1.1" 200 None
2024-05-12 19:46:01,390 DEBUG    root            Chosen display Format:default json
2024-05-12 19:46:01,390 INFO     root            Display format: "default json"
2024-05-12 19:46:01,390 INFO     ___FILE_ONLY___ {
  "configuration": {
    "active_configuration": "default",
    "properties": {
      "core": {
        "account": "admin@swlabs.fyi",
        "disable_usage_reporting": "True"
      }
    }
  },
  "credential": {
    "access_token": "ya29.a0AXooCgvFJhnXanNoYNBAULAxbGyFL3opiisNdjOn2Lic-bCyUm8BZvHysKp0ZpPgMDthExW9_tIkpHyuhkTK71wQ6KqQhu3cuUjV2fkXlOPNp22lyhqrboZwzFm09jX-YYKRFw3sX9IexHalPdOPbWkAj1ZNRyEGWh7PDd_OvQaCgYKAT0SARMSFQHGX2Mip0ayLaAjegIGk88Q3T1QlA0177",
    "id_token": "eyJhbGciOiJSUzI1NiIsImtpZCI6ImEzYjc2MmY4NzFjZGIzYmFlMDA0NGM2NDk2MjJmYzEzOTZlZGEzZTMiLCJ0eXAiOiJKV1QifQ.eyJpc3MiOiJodHRwczovL2FjY291bnRzLmdvb2dsZS5jb20iLCJhenAiOiIzMjU1NTk0MDU1OS5hcHBzLmdvb2dsZXVzZXJjb250ZW50LmNvbSIsImF1ZCI6IjMyNTU1OTQwNTU5LmFwcHMuZ29vZ2xldXNlcmNvbnRlbnQuY29tIiwic3ViIjoiMTAzODA4NTk1OTU0NTMwMTAwNTg5IiwiaGQiOiJzd2xhYnMuZnlpIiwiZW1haWwiOiJhZG1pbkBzd2xhYnMuZnlpIiwiZW1haWxfdmVyaWZpZWQiOnRydWUsImF0X2hhc2giOiJILTZxcVhEZHhuZXNFRzZwVV9nc2dnIiwiaWF0IjoxNzE1NTM5NTYwLCJleHAiOjE3MTU1NDMxNjB9.Shpbai0dEGhGQ8PwQlM9if0NEHLFJjsW-tUeater3JDDedyqAKWYgt_ZhazbrflqK_ADVi6v0sg7WHaPRnrsjsIK-UY4C0a0r7BmOCiPXaOf5vudSAJMmW3oU5tNoOk6VeN1c5UbOkKKqHQ_knZf2H7hEyRR3FXOGe5cz5YryCsu6knAt9ll3MUfbP2lzEmvpdvUUzNxGRlHRgtJiDd2AwBHASjhlSyZU5vjMcn6sRLdKBRUOC15Qfbojh4pm9bHLH6cqmvgzvq0MZ5juo82tlIxqaOrma0mbifIqfb3v3ZVt_veFDuqDmazVARHu3QgCbZ0-N0OHE4036pzfaUoTw",
    "token_expiry": "2024-05-12T19:46:00Z"
  },
  "sentinels": {
    "config_sentinel": "/home/dev/.config/gcloud/config_sentinel"
  }
}
2024-05-12 19:46:01,390 INFO     ___FILE_ONLY___ 

