2024-05-12 21:05:27,735 DEBUG    root            Loaded Command Group: ['gcloud', 'config']
2024-05-12 21:05:27,737 DEBUG    root            Loaded Command Group: ['gcloud', 'config', 'config_helper']
2024-05-12 21:05:27,738 DEBUG    root            Running [gcloud.config.config-helper] with arguments: [--format: "json"]
2024-05-12 21:05:27,775 DEBUG    google.auth.transport.requests Making request: POST https://oauth2.googleapis.com/token
2024-05-12 21:05:27,777 DEBUG    urllib3.connectionpool Starting new HTTPS connection (1): oauth2.googleapis.com:443
2024-05-12 21:05:27,915 DEBUG    urllib3.connectionpool https://oauth2.googleapis.com:443 "POST /token HTTP/1.1" 200 None
2024-05-12 21:05:27,921 DEBUG    root            Chosen display Format:default json
2024-05-12 21:05:27,921 INFO     root            Display format: "default json"
2024-05-12 21:05:27,922 INFO     ___FILE_ONLY___ {
  "configuration": {
    "active_configuration": "default",
    "properties": {
      "core": {
        "account": "admin@swlabs.fyi",
        "disable_usage_reporting": "True"
      }
    }
  },
  "credential": {
    "access_token": "ya29.a0AXooCguvPEkaK3weKr3i8aFWGP5M1ldjf-cXz5RgafGucZi5SFq9z43KUyZtKaJheNlWallcBnSQQIVMUjMDL-qAkLFK5381VcB-fWgjIPZ1QMYMez7Wmg_443viY0NfbrvXI7GLoff4mHpgG-NspThbYiKJ7RSN6CsHZThUisoaCgYKAb0SARMSFQHGX2MiJaFLB8hTVg_95vJn2KhNRA0178",
    "id_token": "eyJhbGciOiJSUzI1NiIsImtpZCI6ImEzYjc2MmY4NzFjZGIzYmFlMDA0NGM2NDk2MjJmYzEzOTZlZGEzZTMiLCJ0eXAiOiJKV1QifQ.eyJpc3MiOiJodHRwczovL2FjY291bnRzLmdvb2dsZS5jb20iLCJhenAiOiIzMjU1NTk0MDU1OS5hcHBzLmdvb2dsZXVzZXJjb250ZW50LmNvbSIsImF1ZCI6IjMyNTU1OTQwNTU5LmFwcHMuZ29vZ2xldXNlcmNvbnRlbnQuY29tIiwic3ViIjoiMTAzODA4NTk1OTU0NTMwMTAwNTg5IiwiaGQiOiJzd2xhYnMuZnlpIiwiZW1haWwiOiJhZG1pbkBzd2xhYnMuZnlpIiwiZW1haWxfdmVyaWZpZWQiOnRydWUsImF0X2hhc2giOiJfUVdSdWpWYUF5NXQ4OXBjaXhjY0Z3IiwiaWF0IjoxNzE1NTQ0MzI2LCJleHAiOjE3MTU1NDc5MjZ9.OWWGVFauN2tnKGk-tGZP_8kim0t9g2s693x9-6Sgqlz9T-OEnRjpRN19KGfb2-XDHnSn4sCU_H8FKszPqElLoLbrmxODHewsTgCEupRrZLm2y0q5tkquWLCVZ892AwYg-C48jS5AM1AQi9h7VtL7lu1O177_fuxDHRAoclhnNia9Pu01jcMxMueOyGOeBJ81rPC4SnkKM9W421mqZEBDLdR_IiHhGN1jDE2w5-H1q3IX_x5k8gco90jaWCW4ACzCK9hMfoHTwKsVNoV6eCo3e-bcVaDwP8bBkBFUPxmTGPi7YfUMHDO1pr4vOHqIiqO6Emn9BzZjMsWNzyxAb9DvGQ",
    "token_expiry": "2024-05-12T21:05:26Z"
  },
  "sentinels": {
    "config_sentinel": "/home/dev/.config/gcloud/config_sentinel"
  }
}
2024-05-12 21:05:27,922 INFO     ___FILE_ONLY___ 

