2024-05-12 22:07:47,100 DEBUG    root            Loaded Command Group: ['gcloud', 'config']
2024-05-12 22:07:47,102 DEBUG    root            Loaded Command Group: ['gcloud', 'config', 'config_helper']
2024-05-12 22:07:47,103 DEBUG    root            Running [gcloud.config.config-helper] with arguments: [--format: "json"]
2024-05-12 22:07:47,141 DEBUG    google.auth.transport.requests Making request: POST https://oauth2.googleapis.com/token
2024-05-12 22:07:47,142 DEBUG    urllib3.connectionpool Starting new HTTPS connection (1): oauth2.googleapis.com:443
2024-05-12 22:07:47,266 DEBUG    urllib3.connectionpool https://oauth2.googleapis.com:443 "POST /token HTTP/1.1" 200 None
2024-05-12 22:07:47,272 DEBUG    root            Chosen display Format:default json
2024-05-12 22:07:47,273 INFO     root            Display format: "default json"
2024-05-12 22:07:47,273 INFO     ___FILE_ONLY___ {
  "configuration": {
    "active_configuration": "default",
    "properties": {
      "core": {
        "account": "admin@swlabs.fyi",
        "disable_usage_reporting": "True"
      }
    }
  },
  "credential": {
    "access_token": "ya29.a0AXooCguWAQ-3ZTKzuZ7ZDZYbpzmgUM0WNF2v0BQ5U-WTK-RGvKTxoKHDkEM8mTgfEUSg4IhB0iLpSAMxlaMmKElhh0qOdNBqwT-AmXrTVhzx04_X1yp-kIxDLPnsbhIz_s2kJLH6fpBqAA0cig3Oxbf3b78jqki2gt_voMR-xcQaCgYKAXwSARMSFQHGX2MixQGwKX7FLTfe_GDQC-z4jw0178",
    "id_token": "eyJhbGciOiJSUzI1NiIsImtpZCI6ImEzYjc2MmY4NzFjZGIzYmFlMDA0NGM2NDk2MjJmYzEzOTZlZGEzZTMiLCJ0eXAiOiJKV1QifQ.eyJpc3MiOiJodHRwczovL2FjY291bnRzLmdvb2dsZS5jb20iLCJhenAiOiIzMjU1NTk0MDU1OS5hcHBzLmdvb2dsZXVzZXJjb250ZW50LmNvbSIsImF1ZCI6IjMyNTU1OTQwNTU5LmFwcHMuZ29vZ2xldXNlcmNvbnRlbnQuY29tIiwic3ViIjoiMTAzODA4NTk1OTU0NTMwMTAwNTg5IiwiaGQiOiJzd2xhYnMuZnlpIiwiZW1haWwiOiJhZG1pbkBzd2xhYnMuZnlpIiwiZW1haWxfdmVyaWZpZWQiOnRydWUsImF0X2hhc2giOiI2bWN5WV9TYVFDelpjTXlySVJJdERnIiwiaWF0IjoxNzE1NTQ4MDY1LCJleHAiOjE3MTU1NTE2NjV9.kNyCr9JWrQrogtPleosibBqziBq_hVMJFT2jE-OGLMhWxOqReba8ASeqbET-K_CWp405Vuwz6tVfboMsZ5HmIW9Xvc57IRvBWE4C8DhNEcmO5vHBWRUoYHiBXQWIn8rFTWcfPzjWzZcdWX3oVTV7ZIVmx5SXH3erlhAmBZkLNUqB4KnBpatWSbgl1YjAugIpC-cxofzJr7xeeltXwEmR35vAmEbzLpbLVkz4TwjzrvYskLaFAKjbILyixrPGvepMgyNMIywAEr2PkEJ4d0NMb7fMEiOkqJA-VpsTqVOdVHMJXf0W8GVI1Nxxm9njmiO38RHryUpwHM0d0YjxFYZfXQ",
    "token_expiry": "2024-05-12T22:07:46Z"
  },
  "sentinels": {
    "config_sentinel": "/home/dev/.config/gcloud/config_sentinel"
  }
}
2024-05-12 22:07:47,273 INFO     ___FILE_ONLY___ 

