2024-05-12 23:08:54,260 DEBUG    root            Loaded Command Group: ['gcloud', 'artifacts']
2024-05-12 23:08:54,262 ERROR    root            (gcloud.artifacts) Command name argument expected.
2024-05-12 23:08:54,263 DEBUG    root            Loaded Command Group: ['gcloud', 'artifacts', 'generic']
2024-05-12 23:08:54,263 DEBUG    root            Loaded Command Group: ['gcloud', 'artifacts', 'apt']
2024-05-12 23:08:54,264 DEBUG    root            Loaded Command Group: ['gcloud', 'artifacts', 'vulnerabilities']
2024-05-12 23:08:54,265 DEBUG    root            Loaded Command Group: ['gcloud', 'artifacts', 'yum']
2024-05-12 23:08:54,266 DEBUG    root            Loaded Command Group: ['gcloud', 'artifacts', 'repositories']
2024-05-12 23:08:54,267 DEBUG    root            Loaded Command Group: ['gcloud', 'artifacts', 'locations']
2024-05-12 23:08:54,268 DEBUG    root            Loaded Command Group: ['gcloud', 'artifacts', 'operations']
2024-05-12 23:08:54,268 DEBUG    root            Loaded Command Group: ['gcloud', 'artifacts', 'packages']
2024-05-12 23:08:54,269 DEBUG    root            Loaded Command Group: ['gcloud', 'artifacts', 'sbom']
2024-05-12 23:08:54,270 DEBUG    root            Loaded Command Group: ['gcloud', 'artifacts', 'vpcsc_config']
2024-05-12 23:08:54,270 DEBUG    root            Loaded Command Group: ['gcloud', 'artifacts', 'go']
2024-05-12 23:08:54,271 DEBUG    root            Loaded Command Group: ['gcloud', 'artifacts', 'docker']
2024-05-12 23:08:54,272 DEBUG    root            Loaded Command Group: ['gcloud', 'artifacts', 'versions']
2024-05-12 23:08:54,273 DEBUG    root            Loaded Command Group: ['gcloud', 'artifacts', 'tags']
2024-05-12 23:08:54,273 DEBUG    root            Loaded Command Group: ['gcloud', 'artifacts', 'print_settings']
2024-05-12 23:08:54,274 DEBUG    root            Loaded Command Group: ['gcloud', 'artifacts', 'settings']
2024-05-12 23:08:54,275 DEBUG    root            Loaded Command Group: ['gcloud', 'artifacts', 'files']
2024-05-12 23:08:54,276 DEBUG    root            Loaded Command Group: ['gcloud', 'artifacts', 'googet']
2024-05-12 23:08:54,276 DEBUG    root            Chosen display Format:table[no-heading,margin=6,width=80]([0]:label='':align=left:width=22,[1]:label='':align=left:wrap)
