2024-05-12 23:16:59,514 DEBUG    root            Loaded Command Group: ['gcloud', 'config']
2024-05-12 23:16:59,516 DEBUG    root            Loaded Command Group: ['gcloud', 'config', 'config_helper']
2024-05-12 23:16:59,517 DEBUG    root            Running [gcloud.config.config-helper] with arguments: [--format: "json"]
2024-05-12 23:16:59,520 DEBUG    root            Chosen display Format:default json
2024-05-12 23:16:59,520 INFO     root            Display format: "default json"
2024-05-12 23:16:59,521 INFO     ___FILE_ONLY___ {
  "configuration": {
    "active_configuration": "default",
    "properties": {
      "core": {
        "account": "admin@swlabs.fyi",
        "disable_usage_reporting": "True"
      }
    }
  },
  "credential": {
    "access_token": "ya29.a0AXooCgsSEKbJCWRmfXM3DvEO-OO9TPkKEeLX_rhs37pVfft7zLbnH59_4KqWm-yeHFzcMiXTjS9N_H6oMuS0PXCU_ibhbRqpGra4HlM_asyNlKrs_EU8LqPtynqYRs-vwz90PAzH9rMK6YWWoHxTy47YfjB_2-BFvilPZHy41kMaCgYKARISARMSFQHGX2MiBZ_AKtihSS5RWzzInr8XPQ0178",
    "id_token": "eyJhbGciOiJSUzI1NiIsImtpZCI6ImEzYjc2MmY4NzFjZGIzYmFlMDA0NGM2NDk2MjJmYzEzOTZlZGEzZTMiLCJ0eXAiOiJKV1QifQ.eyJpc3MiOiJodHRwczovL2FjY291bnRzLmdvb2dsZS5jb20iLCJhenAiOiIzMjU1NTk0MDU1OS5hcHBzLmdvb2dsZXVzZXJjb250ZW50LmNvbSIsImF1ZCI6IjMyNTU1OTQwNTU5LmFwcHMuZ29vZ2xldXNlcmNvbnRlbnQuY29tIiwic3ViIjoiMTAzODA4NTk1OTU0NTMwMTAwNTg5IiwiaGQiOiJzd2xhYnMuZnlpIiwiZW1haWwiOiJhZG1pbkBzd2xhYnMuZnlpIiwiZW1haWxfdmVyaWZpZWQiOnRydWUsImF0X2hhc2giOiJrVWFWRzY2M3R1cXpMLVlRNWQ4MmxnIiwiaWF0IjoxNzE1NTUyMTY0LCJleHAiOjE3MTU1NTU3NjR9.i5zyIxtdXUNs-WVB94FjGJpKbNWI4rlHWBTOtz7EPFj8XTwD2Ws3BkjbtjJNkQ6z8sa6_fQ6PezHYO9akGiQ9uTIdeZbB8cCp6OG48AuFs8iNv1r7kj4Ft8hvbRzUr0DrQOObDPBtnxxXUXoT8hS_ej5pQNfsqMipmFP-4F0319k-oy7zjwDB-WxQEmlwe-Myb-arGZpUSlzA4obZhAUzGPcfVMDOz2ZvQZ97QS58ss02p_zzqzIyat72wr5AMb8k-1VsNi6S4T6nhc2WlAQkhW_u2qUgtYCISkvyS-fVh3n2w2TcOkCICrz-_AK9JzGkNF3_R_SnyJhwrB8PmnO9Q",
    "token_expiry": "2024-05-12T23:16:05Z"
  },
  "sentinels": {
    "config_sentinel": "/home/dev/.config/gcloud/config_sentinel"
  }
}
2024-05-12 23:16:59,521 INFO     ___FILE_ONLY___ 

