2024-05-10 13:44:15,451 DEBUG    root            Loaded Command Group: ['gcloud', 'ai_platform']
2024-05-10 13:44:15,452 DEBUG    root            Loaded Command Group: ['gcloud', 'identity']
2024-05-10 13:44:15,453 DEBUG    root            No implementation for release track [GA] for element: [/home/dev/google-cloud-sdk/lib/surface/mps]
2024-05-10 13:44:15,453 DEBUG    root            Loaded Command Group: ['gcloud', 'vmware']
2024-05-10 13:44:15,453 DEBUG    root            Loaded Command Group: ['gcloud', 'access_approval']
2024-05-10 13:44:15,454 DEBUG    root            Loaded Command Group: ['gcloud', 'scc']
2024-05-10 13:44:15,456 DEBUG    root            Loaded Command Group: ['gcloud', 'info']
2024-05-10 13:44:15,456 DEBUG    root            Loaded Command Group: ['gcloud', 'datastore']
2024-05-10 13:44:15,457 DEBUG    root            Loaded Command Group: ['gcloud', 'apigee']
2024-05-10 13:44:15,457 DEBUG    root            Loaded Command Group: ['gcloud', 'services']
2024-05-10 13:44:15,458 DEBUG    root            Loaded Command Group: ['gcloud', 'access_context_manager']
2024-05-10 13:44:15,459 DEBUG    root            No implementation for release track [GA] for element: [/home/dev/google-cloud-sdk/lib/surface/bq]
2024-05-10 13:44:15,459 DEBUG    root            Loaded Command Group: ['gcloud', 'dataproc']
2024-05-10 13:44:15,459 DEBUG    root            Loaded Command Group: ['gcloud', 'healthcare']
2024-05-10 13:44:15,460 DEBUG    root            Loaded Command Group: ['gcloud', 'iap']
2024-05-10 13:44:15,461 DEBUG    root            Loaded Command Group: ['gcloud', 'init']
2024-05-10 13:44:15,462 DEBUG    root            Loaded Command Group: ['gcloud', 'immersive_stream']
2024-05-10 13:44:15,462 DEBUG    root            Loaded Command Group: ['gcloud', 'projects']
2024-05-10 13:44:15,463 DEBUG    root            Loaded Command Group: ['gcloud', 'resource_settings']
2024-05-10 13:44:15,464 DEBUG    root            Loaded Command Group: ['gcloud', 'workflows']
2024-05-10 13:44:15,464 DEBUG    root            Loaded Command Group: ['gcloud', 'certificate_manager']
2024-05-10 13:44:15,465 DEBUG    root            Loaded Command Group: ['gcloud', 'scheduler']
2024-05-10 13:44:15,466 DEBUG    root            Loaded Command Group: ['gcloud', 'resource_manager']
2024-05-10 13:44:15,466 DEBUG    root            Loaded Command Group: ['gcloud', 'sql']
2024-05-10 13:44:15,467 DEBUG    root            Loaded Command Group: ['gcloud', 'ml_engine']
2024-05-10 13:44:15,467 DEBUG    root            Loaded Command Group: ['gcloud', 'cloud_shell']
2024-05-10 13:44:15,468 DEBUG    root            Loaded Command Group: ['gcloud', 'tasks']
2024-05-10 13:44:15,468 DEBUG    root            No implementation for release track [GA] for element: [/home/dev/google-cloud-sdk/lib/surface/remote_build_execution]
2024-05-10 13:44:15,469 DEBUG    root            Loaded Command Group: ['gcloud', 'source']
2024-05-10 13:44:15,469 DEBUG    root            Loaded Command Group: ['gcloud', 'cheat_sheet']
2024-05-10 13:44:15,470 DEBUG    root            No implementation for release track [GA] for element: [/home/dev/google-cloud-sdk/lib/surface/web_security_scanner]
2024-05-10 13:44:15,470 DEBUG    root            No implementation for release track [GA] for element: [/home/dev/google-cloud-sdk/lib/surface/beyondcorp]
2024-05-10 13:44:15,470 DEBUG    root            Loaded Command Group: ['gcloud', 'bms']
2024-05-10 13:44:15,471 DEBUG    root            Loaded Command Group: ['gcloud', 'metastore']
2024-05-10 13:44:15,471 DEBUG    root            Loaded Command Group: ['gcloud', 'pubsub']
2024-05-10 13:44:15,472 DEBUG    root            Loaded Command Group: ['gcloud', 'domains']
2024-05-10 13:44:15,472 DEBUG    root            Loaded Command Group: ['gcloud', 'components']
2024-05-10 13:44:15,473 DEBUG    root            No implementation for release track [GA] for element: [/home/dev/google-cloud-sdk/lib/surface/service_extensions]
2024-05-10 13:44:15,473 DEBUG    root            Loaded Command Group: ['gcloud', 'run']
2024-05-10 13:44:15,473 DEBUG    root            Loaded Command Group: ['gcloud', 'dns']
2024-05-10 13:44:15,474 DEBUG    root            Loaded Command Group: ['gcloud', 'publicca']
2024-05-10 13:44:15,475 DEBUG    root            Loaded Command Group: ['gcloud', 'version']
2024-05-10 13:44:15,475 DEBUG    root            Loaded Command Group: ['gcloud', 'notebooks']
2024-05-10 13:44:15,476 DEBUG    root            No implementation for release track [GA] for element: [/home/dev/google-cloud-sdk/lib/surface/authz_toolkit]
2024-05-10 13:44:15,476 DEBUG    root            No implementation for release track [GA] for element: [/home/dev/google-cloud-sdk/lib/surface/dlp]
2024-05-10 13:44:15,476 DEBUG    root            Loaded Command Group: ['gcloud', 'org_policies']
2024-05-10 13:44:15,476 DEBUG    root            Loaded Command Group: ['gcloud', 'database_migration']
2024-05-10 13:44:15,477 DEBUG    root            No implementation for release track [GA] for element: [/home/dev/google-cloud-sdk/lib/surface/lifesciences]
2024-05-10 13:44:15,477 DEBUG    root            No implementation for release track [GA] for element: [/home/dev/google-cloud-sdk/lib/surface/dialogflow]
2024-05-10 13:44:15,478 DEBUG    root            Loaded Command Group: ['gcloud', 'config']
2024-05-10 13:44:15,479 DEBUG    root            Loaded Command Group: ['gcloud', 'docker']
2024-05-10 13:44:15,480 DEBUG    root            No implementation for release track [GA] for element: [/home/dev/google-cloud-sdk/lib/surface/spectrum_access]
2024-05-10 13:44:15,480 DEBUG    root            Loaded Command Group: ['gcloud', 'network_management']
2024-05-10 13:44:15,480 DEBUG    root            Loaded Command Group: ['gcloud', 'spanner']
2024-05-10 13:44:15,481 DEBUG    root            No implementation for release track [GA] for element: [/home/dev/google-cloud-sdk/lib/surface/terraform]
2024-05-10 13:44:15,481 DEBUG    root            Loaded Command Group: ['gcloud', 'dataflow']
2024-05-10 13:44:15,482 DEBUG    root            Loaded Command Group: ['gcloud', 'topic']
2024-05-10 13:44:15,482 DEBUG    root            No implementation for release track [GA] for element: [/home/dev/google-cloud-sdk/lib/surface/kuberun]
2024-05-10 13:44:15,483 DEBUG    root            No implementation for release track [GA] for element: [/home/dev/google-cloud-sdk/lib/surface/resource_config]
2024-05-10 13:44:15,483 DEBUG    root            Loaded Command Group: ['gcloud', 'firebase']
2024-05-10 13:44:15,483 DEBUG    root            Loaded Command Group: ['gcloud', 'billing']
2024-05-10 13:44:15,484 DEBUG    root            No implementation for release track [GA] for element: [/home/dev/google-cloud-sdk/lib/surface/runtime_config]
2024-05-10 13:44:15,484 DEBUG    root            Loaded Command Group: ['gcloud', 'firestore']
2024-05-10 13:44:15,485 DEBUG    root            Loaded Command Group: ['gcloud', 'transfer']
2024-05-10 13:44:15,485 DEBUG    root            Loaded Command Group: ['gcloud', 'asset']
2024-05-10 13:44:15,486 DEBUG    root            Loaded Command Group: ['gcloud', 'api_gateway']
2024-05-10 13:44:15,486 DEBUG    root            Loaded Command Group: ['gcloud', 'recaptcha']
2024-05-10 13:44:15,487 DEBUG    root            Loaded Command Group: ['gcloud', 'monitoring']
2024-05-10 13:44:15,487 DEBUG    root            Loaded Command Group: ['gcloud', 'network_connectivity']
2024-05-10 13:44:15,488 DEBUG    root            No implementation for release track [GA] for element: [/home/dev/google-cloud-sdk/lib/surface/infra_manager]
2024-05-10 13:44:15,489 DEBUG    root            Loaded Command Group: ['gcloud', 'survey']
2024-05-10 13:44:15,489 DEBUG    root            Loaded Command Group: ['gcloud', 'workbench']
2024-05-10 13:44:15,490 DEBUG    root            Loaded Command Group: ['gcloud', 'data_catalog']
2024-05-10 13:44:15,491 DEBUG    root            No implementation for release track [GA] for element: [/home/dev/google-cloud-sdk/lib/surface/commerce_procurement]
2024-05-10 13:44:15,491 DEBUG    root            Loaded Command Group: ['gcloud', 'auth']
2024-05-10 13:44:15,491 DEBUG    root            Loaded Command Group: ['gcloud', 'anthos']
2024-05-10 13:44:15,492 DEBUG    root            Loaded Command Group: ['gcloud', 'meta']
2024-05-10 13:44:15,492 DEBUG    root            Loaded Command Group: ['gcloud', 'ai']
2024-05-10 13:44:15,493 DEBUG    root            Loaded Command Group: ['gcloud', 'netapp']
2024-05-10 13:44:15,494 DEBUG    root            Loaded Command Group: ['gcloud', 'privateca']
2024-05-10 13:44:15,494 DEBUG    root            No implementation for release track [GA] for element: [/home/dev/google-cloud-sdk/lib/surface/telco_automation]
2024-05-10 13:44:15,494 DEBUG    root            No implementation for release track [GA] for element: [/home/dev/google-cloud-sdk/lib/surface/parallelstore]
2024-05-10 13:44:15,495 DEBUG    root            No implementation for release track [GA] for element: [/home/dev/google-cloud-sdk/lib/surface/dataproc_gdc]
2024-05-10 13:44:15,495 DEBUG    root            No implementation for release track [GA] for element: [/home/dev/google-cloud-sdk/lib/surface/trace]
2024-05-10 13:44:15,495 DEBUG    root            Loaded Command Group: ['gcloud', 'iam']
2024-05-10 13:44:15,504 DEBUG    root            Loaded Command Group: ['gcloud', 'compute']
2024-05-10 13:44:15,506 DEBUG    root            Loaded Command Group: ['gcloud', 'policy_troubleshoot']
2024-05-10 13:44:15,506 DEBUG    root            No implementation for release track [GA] for element: [/home/dev/google-cloud-sdk/lib/surface/datapipelines]
2024-05-10 13:44:15,506 DEBUG    root            No implementation for release track [GA] for element: [/home/dev/google-cloud-sdk/lib/surface/cbrs_spectrum_access]
2024-05-10 13:44:15,506 DEBUG    root            Loaded Command Group: ['gcloud', 'datastream']
2024-05-10 13:44:15,507 DEBUG    root            Loaded Command Group: ['gcloud', 'recommender']
2024-05-10 13:44:15,507 DEBUG    root            No implementation for release track [GA] for element: [/home/dev/google-cloud-sdk/lib/surface/genomics]
2024-05-10 13:44:15,508 DEBUG    root            Loaded Command Group: ['gcloud', 'filestore']
2024-05-10 13:44:15,508 DEBUG    root            Loaded Command Group: ['gcloud', 'endpoints']
2024-05-10 13:44:15,509 DEBUG    root            Loaded Command Group: ['gcloud', 'kms']
2024-05-10 13:44:15,509 DEBUG    root            Loaded Command Group: ['gcloud', 'service_directory']
2024-05-10 13:44:15,510 DEBUG    root            Loaded Command Group: ['gcloud', 'alloydb']
2024-05-10 13:44:15,511 DEBUG    root            No implementation for release track [GA] for element: [/home/dev/google-cloud-sdk/lib/surface/error_reporting]
2024-05-10 13:44:15,511 DEBUG    root            No implementation for release track [GA] for element: [/home/dev/google-cloud-sdk/lib/surface/fault_injection]
2024-05-10 13:44:15,511 DEBUG    root            Loaded Command Group: ['gcloud', 'organizations']
2024-05-10 13:44:15,535 DEBUG    root            Loaded Command Group: ['gcloud', 'builds']
2024-05-10 13:44:15,536 DEBUG    root            Loaded Command Group: ['gcloud', 'dataplex']
2024-05-10 13:44:15,537 DEBUG    root            Loaded Command Group: ['gcloud', 'essential_contacts']
2024-05-10 13:44:15,578 DEBUG    root            No implementation for release track [GA] for element: [/home/dev/google-cloud-sdk/lib/surface/interactive]
2024-05-10 13:44:15,578 DEBUG    root            Loaded Command Group: ['gcloud', 'bigtable']
2024-05-10 13:44:15,579 DEBUG    root            Loaded Command Group: ['gcloud', 'workspace_add_ons']
2024-05-10 13:44:15,579 DEBUG    root            Loaded Command Group: ['gcloud', 'active_directory']
2024-05-10 13:44:15,580 DEBUG    root            Loaded Command Group: ['gcloud', 'eventarc']
2024-05-10 13:44:15,580 DEBUG    root            Loaded Command Group: ['gcloud', 'edge_cache']
2024-05-10 13:44:15,581 DEBUG    root            Loaded Command Group: ['gcloud', 'redis']
2024-05-10 13:44:15,581 DEBUG    root            Loaded Command Group: ['gcloud', 'artifacts']
2024-05-10 13:44:15,583 DEBUG    root            Loaded Command Group: ['gcloud', 'storage']
2024-05-10 13:44:15,584 DEBUG    root            No implementation for release track [GA] for element: [/home/dev/google-cloud-sdk/lib/surface/media]
2024-05-10 13:44:15,584 DEBUG    root            No implementation for release track [GA] for element: [/home/dev/google-cloud-sdk/lib/surface/blockchain_node_engine]
2024-05-10 13:44:15,584 DEBUG    root            Loaded Command Group: ['gcloud', 'help']
2024-05-10 13:44:15,585 DEBUG    root            Loaded Command Group: ['gcloud', 'deployment_manager']
2024-05-10 13:44:15,586 DEBUG    root            Loaded Command Group: ['gcloud', 'memcache']
2024-05-10 13:44:15,587 DEBUG    root            Loaded Command Group: ['gcloud', 'feedback']
2024-05-10 13:44:15,587 DEBUG    root            No implementation for release track [GA] for element: [/home/dev/google-cloud-sdk/lib/surface/network_actions]
2024-05-10 13:44:15,588 DEBUG    root            No implementation for release track [GA] for element: [/home/dev/google-cloud-sdk/lib/surface/code]
2024-05-10 13:44:15,588 DEBUG    root            Loaded Command Group: ['gcloud', 'ml']
2024-05-10 13:44:15,588 DEBUG    root            Loaded Command Group: ['gcloud', 'edge_cloud']
2024-05-10 13:44:15,589 DEBUG    root            Loaded Command Group: ['gcloud', 'functions']
2024-05-10 13:44:15,590 DEBUG    root            Loaded Command Group: ['gcloud', 'logging']
2024-05-10 13:44:15,590 DEBUG    root            Loaded Command Group: ['gcloud', 'assured']
2024-05-10 13:44:15,591 DEBUG    root            Loaded Command Group: ['gcloud', 'transcoder']
2024-05-10 13:44:15,591 DEBUG    root            No implementation for release track [GA] for element: [/home/dev/google-cloud-sdk/lib/surface/apphub]
2024-05-10 13:44:15,591 DEBUG    root            Loaded Command Group: ['gcloud', 'looker']
2024-05-10 13:44:15,592 DEBUG    root            Loaded Command Group: ['gcloud', 'composer']
2024-05-10 13:44:15,592 DEBUG    root            No implementation for release track [GA] for element: [/home/dev/google-cloud-sdk/lib/surface/source_manager]
2024-05-10 13:44:15,592 DEBUG    root            Loaded Command Group: ['gcloud', 'workstations']
2024-05-10 13:44:15,593 DEBUG    root            Loaded Command Group: ['gcloud', 'iot']
2024-05-10 13:44:15,593 DEBUG    root            Loaded Command Group: ['gcloud', 'batch']
2024-05-10 13:44:15,594 DEBUG    root            Loaded Command Group: ['gcloud', 'deploy']
2024-05-10 13:44:15,594 DEBUG    root            Loaded Command Group: ['gcloud', 'network_services']
2024-05-10 13:44:15,595 DEBUG    root            No implementation for release track [GA] for element: [/home/dev/google-cloud-sdk/lib/surface/data_fusion]
2024-05-10 13:44:15,595 DEBUG    root            Loaded Command Group: ['gcloud', 'emulators']
2024-05-10 13:44:15,596 DEBUG    root            Loaded Command Group: ['gcloud', 'policy_intelligence']
2024-05-10 13:44:15,596 DEBUG    root            No implementation for release track [GA] for element: [/home/dev/google-cloud-sdk/lib/surface/microservices]
2024-05-10 13:44:15,596 DEBUG    root            Loaded Command Group: ['gcloud', 'network_security']
2024-05-10 13:44:15,597 DEBUG    root            Loaded Command Group: ['gcloud', 'ids']
2024-05-10 13:44:15,597 DEBUG    root            Loaded Command Group: ['gcloud', 'game']
2024-05-10 13:44:15,598 DEBUG    root            Loaded Command Group: ['gcloud', 'app']
2024-05-10 13:44:15,598 DEBUG    root            Loaded Command Group: ['gcloud', 'secrets']
2024-05-10 13:44:15,599 ERROR    root            (gcloud) Invalid choice: 'helo'.
