2024-05-10 13:45:09,648 DEBUG    root            Loaded Command Group: ['gcloud', 'storage']
2024-05-10 13:45:09,649 DEBUG    root            Loaded Command Group: ['gcloud', 'storage', 'buckets']
2024-05-10 13:45:10,227 DEBUG    root            Loaded Command Group: ['gcloud', 'storage', 'buckets', 'get_iam_policy']
2024-05-10 13:45:10,228 DEBUG    root            Running [gcloud.storage.buckets.get-iam-policy] with arguments: [--help: "None"]
2024-05-10 13:45:10,230 DEBUG    root            Loaded Command Group: ['gcloud', 'help']
2024-05-10 13:45:10,232 INFO     ___FILE_ONLY___ [m[1mNAME[m
    gcloud storage buckets get-iam-policy - get the IAM policy for a bucket

[m[1mSYNOPSIS[m
    [1mgcloud storage buckets get-iam-policy[m [4mURL[m [[4mGCLOUD_WIDE_FLAG ...[m]

[m[1mDESCRIPTION[m
    Get the IAM policy for a bucket. For more information, see Cloud Identity
    and Access Management
    (https://cloud.google.com/storage/docs/access-control/iam).

[m[1mEXAMPLES[m
    To get the IAM policy for BUCKET:

        $ gcloud storage buckets get-iam-policy gs://BUCKET

    To output the IAM policy for BUCKET to a file:

        $ gcloud storage buckets get-iam-policy gs://BUCKET > policy.txt

[m[1mPOSITIONAL ARGUMENTS[m
     [4mURL[m
        Request IAM policy for this bucket.

[m[1mGCLOUD WIDE FLAGS[m
    These flags are available to all commands: --access-token-file, --account,
    --billing-project, --configuration, --flags-file, --flatten, --format,
    --help, --impersonate-service-account, --log-http, --project, --quiet,
    --trace-token, --user-output-enabled, --verbosity.

    Run [1m$ gcloud help[m for details.
[m
