2024-05-10 13:43:54,241 ERROR    root            (gcloud) Command name argument expected.
2024-05-10 13:43:54,242 DEBUG    root            Loaded Command Group: ['gcloud', 'alloydb']
2024-05-10 13:43:54,244 DEBUG    root            Loaded Command Group: ['gcloud', 'assured']
2024-05-10 13:43:54,245 DEBUG    root            Loaded Command Group: ['gcloud', 'dataplex']
2024-05-10 13:43:54,248 DEBUG    root            No implementation for release track [GA] for element: [/home/dev/google-cloud-sdk/lib/surface/source_manager]
2024-05-10 13:43:54,249 DEBUG    root            Loaded Command Group: ['gcloud', 'recaptcha']
2024-05-10 13:43:54,250 DEBUG    root            Loaded Command Group: ['gcloud', 'edge_cloud']
2024-05-10 13:43:54,251 DEBUG    root            Loaded Command Group: ['gcloud', 'datastream']
2024-05-10 13:43:54,254 DEBUG    root            Loaded Command Group: ['gcloud', 'app']
2024-05-10 13:43:54,257 DEBUG    root            Loaded Command Group: ['gcloud', 'cheat_sheet']
2024-05-10 13:43:54,258 DEBUG    root            Loaded Command Group: ['gcloud', 'workflows']
2024-05-10 13:43:54,259 DEBUG    root            Loaded Command Group: ['gcloud', 'transfer']
2024-05-10 13:43:54,261 DEBUG    root            Loaded Command Group: ['gcloud', 'apigee']
2024-05-10 13:43:54,263 DEBUG    root            Loaded Command Group: ['gcloud', 'scheduler']
2024-05-10 13:43:54,264 DEBUG    root            Loaded Command Group: ['gcloud', 'ids']
2024-05-10 13:43:54,266 DEBUG    root            Loaded Command Group: ['gcloud', 'workstations']
2024-05-10 13:43:54,267 DEBUG    root            No implementation for release track [GA] for element: [/home/dev/google-cloud-sdk/lib/surface/datapipelines]
2024-05-10 13:43:54,267 DEBUG    root            No implementation for release track [GA] for element: [/home/dev/google-cloud-sdk/lib/surface/fault_injection]
2024-05-10 13:43:54,268 DEBUG    root            Loaded Command Group: ['gcloud', 'iap']
2024-05-10 13:43:54,270 DEBUG    root            Loaded Command Group: ['gcloud', 'projects']
2024-05-10 13:43:54,271 DEBUG    root            Loaded Command Group: ['gcloud', 'spanner']
2024-05-10 13:43:54,273 DEBUG    root            Loaded Command Group: ['gcloud', 'network_security']
2024-05-10 13:43:54,276 DEBUG    root            No implementation for release track [GA] for element: [/home/dev/google-cloud-sdk/lib/surface/cbrs_spectrum_access]
2024-05-10 13:43:54,277 DEBUG    root            Loaded Command Group: ['gcloud', 'organizations']
2024-05-10 13:43:54,278 DEBUG    root            Loaded Command Group: ['gcloud', 'services']
2024-05-10 13:43:54,280 DEBUG    root            Loaded Command Group: ['gcloud', 'deploy']
2024-05-10 13:43:54,282 DEBUG    root            Loaded Command Group: ['gcloud', 'active_directory']
2024-05-10 13:43:54,284 DEBUG    root            Loaded Command Group: ['gcloud', 'network_connectivity']
2024-05-10 13:43:54,286 DEBUG    root            Loaded Command Group: ['gcloud', 'emulators']
2024-05-10 13:43:54,287 DEBUG    root            No implementation for release track [GA] for element: [/home/dev/google-cloud-sdk/lib/surface/network_actions]
2024-05-10 13:43:54,288 DEBUG    root            No implementation for release track [GA] for element: [/home/dev/google-cloud-sdk/lib/surface/error_reporting]
2024-05-10 13:43:54,288 DEBUG    root            Loaded Command Group: ['gcloud', 'service_directory']
2024-05-10 13:43:54,292 DEBUG    root            No implementation for release track [GA] for element: [/home/dev/google-cloud-sdk/lib/surface/code]
2024-05-10 13:43:54,292 DEBUG    root            Loaded Command Group: ['gcloud', 'metastore']
2024-05-10 13:43:54,294 DEBUG    root            Loaded Command Group: ['gcloud', 'eventarc']
2024-05-10 13:43:54,296 DEBUG    root            Loaded Command Group: ['gcloud', 'batch']
2024-05-10 13:43:54,298 DEBUG    root            Loaded Command Group: ['gcloud', 'version']
2024-05-10 13:43:54,302 DEBUG    root            Loaded Command Group: ['gcloud', 'storage']
2024-05-10 13:43:54,304 DEBUG    root            Loaded Command Group: ['gcloud', 'tasks']
2024-05-10 13:43:54,306 DEBUG    root            No implementation for release track [GA] for element: [/home/dev/google-cloud-sdk/lib/surface/authz_toolkit]
2024-05-10 13:43:54,306 DEBUG    root            Loaded Command Group: ['gcloud', 'access_context_manager']
2024-05-10 13:43:54,311 DEBUG    root            Loaded Command Group: ['gcloud', 'survey']
2024-05-10 13:43:54,312 DEBUG    root            Loaded Command Group: ['gcloud', 'firebase']
2024-05-10 13:43:54,313 DEBUG    root            Loaded Command Group: ['gcloud', 'firestore']
2024-05-10 13:43:54,315 DEBUG    root            Loaded Command Group: ['gcloud', 'database_migration']
2024-05-10 13:43:54,317 DEBUG    root            No implementation for release track [GA] for element: [/home/dev/google-cloud-sdk/lib/surface/genomics]
2024-05-10 13:43:54,317 DEBUG    root            Loaded Command Group: ['gcloud', 'composer']
2024-05-10 13:43:54,319 DEBUG    root            No implementation for release track [GA] for element: [/home/dev/google-cloud-sdk/lib/surface/service_extensions]
2024-05-10 13:43:54,319 DEBUG    root            Loaded Command Group: ['gcloud', 'network_services']
2024-05-10 13:43:54,322 DEBUG    root            No implementation for release track [GA] for element: [/home/dev/google-cloud-sdk/lib/surface/media]
2024-05-10 13:43:54,323 DEBUG    root            No implementation for release track [GA] for element: [/home/dev/google-cloud-sdk/lib/surface/remote_build_execution]
2024-05-10 13:43:54,323 DEBUG    root            No implementation for release track [GA] for element: [/home/dev/google-cloud-sdk/lib/surface/spectrum_access]
2024-05-10 13:43:54,325 DEBUG    root            Loaded Command Group: ['gcloud', 'functions']
2024-05-10 13:43:54,327 DEBUG    root            Loaded Command Group: ['gcloud', 'auth']
2024-05-10 13:43:54,328 DEBUG    root            Loaded Command Group: ['gcloud', 'resource_settings']
2024-05-10 13:43:54,329 DEBUG    root            Loaded Command Group: ['gcloud', 'filestore']
2024-05-10 13:43:54,332 DEBUG    root            Loaded Command Group: ['gcloud', 'privateca']
2024-05-10 13:43:54,346 DEBUG    root            Loaded Command Group: ['gcloud', 'ml_engine']
2024-05-10 13:43:54,348 DEBUG    root            Loaded Command Group: ['gcloud', 'bigtable']
2024-05-10 13:43:54,350 DEBUG    root            Loaded Command Group: ['gcloud', 'iot']
2024-05-10 13:43:54,354 DEBUG    root            Loaded Command Group: ['gcloud', 'info']
2024-05-10 13:43:54,355 DEBUG    root            No implementation for release track [GA] for element: [/home/dev/google-cloud-sdk/lib/surface/mps]
2024-05-10 13:43:54,356 DEBUG    root            Loaded Command Group: ['gcloud', 'access_approval']
2024-05-10 13:43:54,357 DEBUG    root            Loaded Command Group: ['gcloud', 'data_catalog']
2024-05-10 13:43:54,359 DEBUG    root            Loaded Command Group: ['gcloud', 'deployment_manager']
2024-05-10 13:43:54,361 DEBUG    root            No implementation for release track [GA] for element: [/home/dev/google-cloud-sdk/lib/surface/dlp]
2024-05-10 13:43:54,361 DEBUG    root            Loaded Command Group: ['gcloud', 'meta']
2024-05-10 13:43:54,363 DEBUG    root            No implementation for release track [GA] for element: [/home/dev/google-cloud-sdk/lib/surface/beyondcorp]
2024-05-10 13:43:54,364 DEBUG    root            Loaded Command Group: ['gcloud', 'sql']
2024-05-10 13:43:54,366 DEBUG    root            Loaded Command Group: ['gcloud', 'anthos']
2024-05-10 13:43:54,367 DEBUG    root            Loaded Command Group: ['gcloud', 'vmware']
2024-05-10 13:43:54,370 DEBUG    root            No implementation for release track [GA] for element: [/home/dev/google-cloud-sdk/lib/surface/web_security_scanner]
2024-05-10 13:43:54,370 DEBUG    root            Loaded Command Group: ['gcloud', 'healthcare']
2024-05-10 13:43:54,372 DEBUG    root            Loaded Command Group: ['gcloud', 'datastore']
2024-05-10 13:43:54,374 DEBUG    root            Loaded Command Group: ['gcloud', 'logging']
2024-05-10 13:43:54,377 DEBUG    root            No implementation for release track [GA] for element: [/home/dev/google-cloud-sdk/lib/surface/infra_manager]
2024-05-10 13:43:54,377 DEBUG    root            Loaded Command Group: ['gcloud', 'monitoring']
2024-05-10 13:43:54,379 DEBUG    root            Loaded Command Group: ['gcloud', 'ml']
2024-05-10 13:43:54,381 DEBUG    root            Loaded Command Group: ['gcloud', 'dns']
2024-05-10 13:43:54,383 DEBUG    root            No implementation for release track [GA] for element: [/home/dev/google-cloud-sdk/lib/surface/commerce_procurement]
2024-05-10 13:43:54,384 DEBUG    root            Loaded Command Group: ['gcloud', 'workspace_add_ons']
2024-05-10 13:43:54,385 DEBUG    root            No implementation for release track [GA] for element: [/home/dev/google-cloud-sdk/lib/surface/kuberun]
2024-05-10 13:43:54,386 DEBUG    root            No implementation for release track [GA] for element: [/home/dev/google-cloud-sdk/lib/surface/telco_automation]
2024-05-10 13:43:54,386 DEBUG    root            Loaded Command Group: ['gcloud', 'resource_manager']
2024-05-10 13:43:54,388 DEBUG    root            Loaded Command Group: ['gcloud', 'billing']
2024-05-10 13:43:54,389 DEBUG    root            No implementation for release track [GA] for element: [/home/dev/google-cloud-sdk/lib/surface/parallelstore]
2024-05-10 13:43:54,390 DEBUG    root            Loaded Command Group: ['gcloud', 'transcoder']
2024-05-10 13:43:54,391 DEBUG    root            Loaded Command Group: ['gcloud', 'components']
2024-05-10 13:43:54,392 DEBUG    root            Loaded Command Group: ['gcloud', 'topic']
2024-05-10 13:43:54,394 DEBUG    root            Loaded Command Group: ['gcloud', 'publicca']
2024-05-10 13:43:54,395 DEBUG    root            Loaded Command Group: ['gcloud', 'immersive_stream']
2024-05-10 13:43:54,396 DEBUG    root            Loaded Command Group: ['gcloud', 'run']
2024-05-10 13:43:54,398 DEBUG    root            Loaded Command Group: ['gcloud', 'kms']
2024-05-10 13:43:54,400 DEBUG    root            Loaded Command Group: ['gcloud', 'asset']
2024-05-10 13:43:54,401 DEBUG    root            Loaded Command Group: ['gcloud', 'ai']
2024-05-10 13:43:54,405 DEBUG    root            Loaded Command Group: ['gcloud', 'org_policies']
2024-05-10 13:43:54,406 DEBUG    root            Loaded Command Group: ['gcloud', 'artifacts']
2024-05-10 13:43:54,409 DEBUG    root            Loaded Command Group: ['gcloud', 'redis']
2024-05-10 13:43:54,411 DEBUG    root            No implementation for release track [GA] for element: [/home/dev/google-cloud-sdk/lib/surface/resource_config]
2024-05-10 13:43:54,431 DEBUG    root            Loaded Command Group: ['gcloud', 'compute']
2024-05-10 13:43:54,444 DEBUG    root            Loaded Command Group: ['gcloud', 'identity']
2024-05-10 13:43:54,445 DEBUG    root            Loaded Command Group: ['gcloud', 'source']
2024-05-10 13:43:54,447 DEBUG    root            Loaded Command Group: ['gcloud', 'workbench']
2024-05-10 13:43:54,448 DEBUG    root            Loaded Command Group: ['gcloud', 'looker']
2024-05-10 13:43:54,450 DEBUG    root            No implementation for release track [GA] for element: [/home/dev/google-cloud-sdk/lib/surface/blockchain_node_engine]
2024-05-10 13:43:54,450 DEBUG    root            Loaded Command Group: ['gcloud', 'bms']
2024-05-10 13:43:54,452 DEBUG    root            Loaded Command Group: ['gcloud', 'recommender']
2024-05-10 13:43:54,454 DEBUG    root            Loaded Command Group: ['gcloud', 'pubsub']
2024-05-10 13:43:54,457 DEBUG    root            Loaded Command Group: ['gcloud', 'docker']
2024-05-10 13:43:54,458 DEBUG    root            Loaded Command Group: ['gcloud', 'api_gateway']
2024-05-10 13:43:54,460 DEBUG    root            Loaded Command Group: ['gcloud', 'policy_troubleshoot']
2024-05-10 13:43:54,461 DEBUG    root            Loaded Command Group: ['gcloud', 'dataflow']
2024-05-10 13:43:54,463 DEBUG    root            Loaded Command Group: ['gcloud', 'dataproc']
2024-05-10 13:43:54,466 DEBUG    root            No implementation for release track [GA] for element: [/home/dev/google-cloud-sdk/lib/surface/lifesciences]
2024-05-10 13:43:54,466 DEBUG    root            Loaded Command Group: ['gcloud', 'ai_platform']
2024-05-10 13:43:54,467 DEBUG    root            Loaded Command Group: ['gcloud', 'secrets']
2024-05-10 13:43:54,469 DEBUG    root            Loaded Command Group: ['gcloud', 'feedback']
2024-05-10 13:43:54,470 DEBUG    root            No implementation for release track [GA] for element: [/home/dev/google-cloud-sdk/lib/surface/microservices]
2024-05-10 13:43:54,470 DEBUG    root            Loaded Command Group: ['gcloud', 'iam']
2024-05-10 13:43:54,473 DEBUG    root            Loaded Command Group: ['gcloud', 'notebooks']
2024-05-10 13:43:54,475 DEBUG    root            Loaded Command Group: ['gcloud', 'config']
2024-05-10 13:43:54,476 DEBUG    root            No implementation for release track [GA] for element: [/home/dev/google-cloud-sdk/lib/surface/dataproc_gdc]
2024-05-10 13:43:54,477 DEBUG    root            No implementation for release track [GA] for element: [/home/dev/google-cloud-sdk/lib/surface/trace]
2024-05-10 13:43:54,477 DEBUG    root            Loaded Command Group: ['gcloud', 'certificate_manager']
2024-05-10 13:43:54,479 DEBUG    root            Loaded Command Group: ['gcloud', 'game']
2024-05-10 13:43:54,481 DEBUG    root            No implementation for release track [GA] for element: [/home/dev/google-cloud-sdk/lib/surface/data_fusion]
2024-05-10 13:43:54,481 DEBUG    root            Loaded Command Group: ['gcloud', 'edge_cache']
2024-05-10 13:43:54,483 DEBUG    root            Loaded Command Group: ['gcloud', 'netapp']
2024-05-10 13:43:54,488 DEBUG    root            Loaded Command Group: ['gcloud', 'help']
2024-05-10 13:43:54,489 DEBUG    root            Loaded Command Group: ['gcloud', 'scc']
2024-05-10 13:43:54,492 DEBUG    root            Loaded Command Group: ['gcloud', 'endpoints']
2024-05-10 13:43:54,494 DEBUG    root            Loaded Command Group: ['gcloud', 'policy_intelligence']
2024-05-10 13:43:54,495 DEBUG    root            No implementation for release track [GA] for element: [/home/dev/google-cloud-sdk/lib/surface/terraform]
2024-05-10 13:43:54,497 DEBUG    root            Loaded Command Group: ['gcloud', 'init']
2024-05-10 13:43:54,498 DEBUG    root            No implementation for release track [GA] for element: [/home/dev/google-cloud-sdk/lib/surface/apphub]
2024-05-10 13:43:54,498 DEBUG    root            No implementation for release track [GA] for element: [/home/dev/google-cloud-sdk/lib/surface/bq]
2024-05-10 13:43:54,551 DEBUG    root            Loaded Command Group: ['gcloud', 'builds']
2024-05-10 13:43:54,598 DEBUG    root            No implementation for release track [GA] for element: [/home/dev/google-cloud-sdk/lib/surface/interactive]
2024-05-10 13:43:54,600 DEBUG    root            No implementation for release track [GA] for element: [/home/dev/google-cloud-sdk/lib/surface/runtime_config]
2024-05-10 13:43:54,600 DEBUG    root            Loaded Command Group: ['gcloud', 'memcache']
2024-05-10 13:43:54,602 DEBUG    root            Loaded Command Group: ['gcloud', 'network_management']
2024-05-10 13:43:54,603 DEBUG    root            Loaded Command Group: ['gcloud', 'essential_contacts']
2024-05-10 13:43:54,605 DEBUG    root            Loaded Command Group: ['gcloud', 'domains']
2024-05-10 13:43:54,606 DEBUG    root            No implementation for release track [GA] for element: [/home/dev/google-cloud-sdk/lib/surface/dialogflow]
2024-05-10 13:43:54,607 DEBUG    root            Loaded Command Group: ['gcloud', 'cloud_shell']
2024-05-10 13:43:54,608 DEBUG    root            Chosen display Format:table[no-heading,margin=6,width=80]([0]:label='':align=left:width=22,[1]:label='':align=left:wrap)
2024-05-10 13:43:54,608 DEBUG    root            Chosen display Format:table[no-heading,margin=6,width=80]([0]:label='':align=left:width=22,[1]:label='':align=left:wrap)
2024-05-10 13:43:54,609 DEBUG    root            Chosen display Format:table[no-heading,margin=6,width=80]([0]:label='':align=left:width=22,[1]:label='':align=left:wrap)
2024-05-10 13:43:54,609 DEBUG    root            Chosen display Format:table[no-heading,margin=6,width=80]([0]:label='':align=left:width=22,[1]:label='':align=left:wrap)
2024-05-10 13:43:54,610 DEBUG    root            Chosen display Format:table[no-heading,margin=6,width=80]([0]:label='':align=left:width=22,[1]:label='':align=left:wrap)
2024-05-10 13:43:54,610 DEBUG    root            Chosen display Format:table[no-heading,margin=6,width=80]([0]:label='':align=left:width=22,[1]:label='':align=left:wrap)
2024-05-10 13:43:54,611 DEBUG    root            Chosen display Format:table[no-heading,margin=6,width=80]([0]:label='':align=left:width=22,[1]:label='':align=left:wrap)
2024-05-10 13:43:54,612 DEBUG    root            Chosen display Format:table[no-heading,margin=6,width=80]([0]:label='':align=left:width=22,[1]:label='':align=left:wrap)
2024-05-10 13:43:54,613 DEBUG    root            Chosen display Format:table[no-heading,margin=6,width=80]([0]:label='':align=left:width=22,[1]:label='':align=left:wrap)
2024-05-10 13:43:54,614 DEBUG    root            Chosen display Format:table[no-heading,margin=6,width=80]([0]:label='':align=left:width=22,[1]:label='':align=left:wrap)
2024-05-10 13:43:54,614 DEBUG    root            Chosen display Format:table[no-heading,margin=6,width=80]([0]:label='':align=left:width=22,[1]:label='':align=left:wrap)
2024-05-10 13:43:54,616 DEBUG    root            Chosen display Format:table[no-heading,margin=6,width=80]([0]:label='':align=left:width=22,[1]:label='':align=left:wrap)
2024-05-10 13:43:54,617 DEBUG    root            Chosen display Format:table[no-heading,margin=6,width=80]([0]:label='':align=left:width=22,[1]:label='':align=left:wrap)
2024-05-10 13:43:54,617 DEBUG    root            Chosen display Format:table[no-heading,margin=6,width=80]([0]:label='':align=left:width=22,[1]:label='':align=left:wrap)
2024-05-10 13:43:54,618 DEBUG    root            Chosen display Format:table[no-heading,margin=6,width=80]([0]:label='':align=left:width=22,[1]:label='':align=left:wrap)
2024-05-10 13:43:54,618 DEBUG    root            Chosen display Format:table[no-heading,margin=6,width=80]([0]:label='':align=left:width=22,[1]:label='':align=left:wrap)
2024-05-10 13:43:54,618 DEBUG    root            Chosen display Format:table[no-heading,margin=6,width=80]([0]:label='':align=left:width=22,[1]:label='':align=left:wrap)
2024-05-10 13:43:54,620 DEBUG    root            Chosen display Format:table[no-heading,margin=6,width=80]([0]:label='':align=left:width=22,[1]:label='':align=left:wrap)
2024-05-10 13:43:54,620 DEBUG    root            Chosen display Format:table[no-heading,margin=6,width=80]([0]:label='':align=left:width=22,[1]:label='':align=left:wrap)
2024-05-10 13:43:54,621 DEBUG    root            Chosen display Format:table[no-heading,margin=6,width=80]([0]:label='':align=left:width=22,[1]:label='':align=left:wrap)
2024-05-10 13:43:54,621 DEBUG    root            Chosen display Format:table[no-heading,margin=6,width=80]([0]:label='':align=left:width=22,[1]:label='':align=left:wrap)
2024-05-10 13:43:54,622 DEBUG    root            Chosen display Format:table[no-heading,margin=6,width=80]([0]:label='':align=left:width=22,[1]:label='':align=left:wrap)
2024-05-10 13:43:54,622 DEBUG    root            Chosen display Format:table[no-heading,margin=6,width=80]([0]:label='':align=left:width=22,[1]:label='':align=left:wrap)
2024-05-10 13:43:54,623 DEBUG    root            Chosen display Format:table[no-heading,margin=6,width=80]([0]:label='':align=left:width=22,[1]:label='':align=left:wrap)
2024-05-10 13:43:54,623 DEBUG    root            Chosen display Format:table[no-heading,margin=6,width=80]([0]:label='':align=left:width=22,[1]:label='':align=left:wrap)
2024-05-10 13:43:54,624 DEBUG    root            Chosen display Format:table[no-heading,margin=6,width=80]([0]:label='':align=left:width=22,[1]:label='':align=left:wrap)
2024-05-10 13:43:54,624 DEBUG    root            Chosen display Format:table[no-heading,margin=6,width=80]([0]:label='':align=left:width=22,[1]:label='':align=left:wrap)
2024-05-10 13:43:56,208 INFO     ___FILE_ONLY___ 

Command killed by keyboard interrupt


