2024-05-10 16:18:45,831 DEBUG    root            Loaded Command Group: ['gcloud', 'projects']
2024-05-10 16:18:45,833 DEBUG    root            Loaded Command Group: ['gcloud', 'projects', 'list']
2024-05-10 16:18:45,834 DEBUG    root            Running [gcloud.projects.list] with arguments: []
2024-05-10 16:18:45,834 INFO     root            client_filter="None" server_filter="None"
2024-05-10 16:18:45,877 DEBUG    google.auth.transport.requests Making request: POST https://oauth2.googleapis.com/token
2024-05-10 16:18:45,878 DEBUG    urllib3.connectionpool Starting new HTTPS connection (1): oauth2.googleapis.com:443
2024-05-10 16:18:45,994 DEBUG    urllib3.connectionpool https://oauth2.googleapis.com:443 "POST /token HTTP/1.1" 200 None
2024-05-10 16:18:46,005 DEBUG    root            Chosen display Format:
    table(
      projectId:sort=1,
      name,
      projectNumber
    )

2024-05-10 16:18:46,005 INFO     root            Display format: "
    table(
      projectId:sort=1,
      name,
      projectNumber
    )
"
2024-05-10 16:18:46,007 DEBUG    urllib3.connectionpool Starting new HTTPS connection (1): cloudresourcemanager.googleapis.com:443
2024-05-10 16:18:46,788 DEBUG    urllib3.connectionpool https://cloudresourcemanager.googleapis.com:443 "GET /v1/projects?alt=json&filter=lifecycleState%3AACTIVE&pageSize=500 HTTP/1.1" 200 None
2024-05-10 16:18:46,801 INFO     ___FILE_ONLY___ PROJECT_ID
2024-05-10 16:18:46,802 INFO     ___FILE_ONLY___                      
2024-05-10 16:18:46,802 INFO     ___FILE_ONLY___ NAME
2024-05-10 16:18:46,802 INFO     ___FILE_ONLY___                            
2024-05-10 16:18:46,802 INFO     ___FILE_ONLY___ PROJECT_NUMBER
2024-05-10 16:18:46,802 INFO     ___FILE_ONLY___ 

2024-05-10 16:18:46,802 INFO     ___FILE_ONLY___ apigateway-poc-333610
2024-05-10 16:18:46,802 INFO     ___FILE_ONLY___           
2024-05-10 16:18:46,802 INFO     ___FILE_ONLY___ steve-architecture-poc
2024-05-10 16:18:46,802 INFO     ___FILE_ONLY___          
2024-05-10 16:18:46,802 INFO     ___FILE_ONLY___ 698352188179
2024-05-10 16:18:46,802 INFO     ___FILE_ONLY___ 

2024-05-10 16:18:46,802 INFO     ___FILE_ONLY___ chris-architecture-poc
2024-05-10 16:18:46,802 INFO     ___FILE_ONLY___          
2024-05-10 16:18:46,802 INFO     ___FILE_ONLY___ chris-architecture-poc
2024-05-10 16:18:46,802 INFO     ___FILE_ONLY___          
2024-05-10 16:18:46,802 INFO     ___FILE_ONLY___ 837622325985
2024-05-10 16:18:46,802 INFO     ___FILE_ONLY___ 

2024-05-10 16:18:46,802 INFO     ___FILE_ONLY___ curious-entropy-412816
2024-05-10 16:18:46,802 INFO     ___FILE_ONLY___          
2024-05-10 16:18:46,802 INFO     ___FILE_ONLY___ My Project 51701
2024-05-10 16:18:46,802 INFO     ___FILE_ONLY___                
2024-05-10 16:18:46,802 INFO     ___FILE_ONLY___ 763177580511
2024-05-10 16:18:46,802 INFO     ___FILE_ONLY___ 

2024-05-10 16:18:46,802 INFO     ___FILE_ONLY___ dom-architecture-poc
2024-05-10 16:18:46,802 INFO     ___FILE_ONLY___            
2024-05-10 16:18:46,802 INFO     ___FILE_ONLY___ dom-architecture-poc
2024-05-10 16:18:46,802 INFO     ___FILE_ONLY___            
2024-05-10 16:18:46,802 INFO     ___FILE_ONLY___ 872512481935
2024-05-10 16:18:46,802 INFO     ___FILE_ONLY___ 

2024-05-10 16:18:46,802 INFO     ___FILE_ONLY___ first-test-404315
2024-05-10 16:18:46,802 INFO     ___FILE_ONLY___               
2024-05-10 16:18:46,802 INFO     ___FILE_ONLY___ first-test
2024-05-10 16:18:46,802 INFO     ___FILE_ONLY___                      
2024-05-10 16:18:46,802 INFO     ___FILE_ONLY___ 511169992390
2024-05-10 16:18:46,802 INFO     ___FILE_ONLY___ 

2024-05-10 16:18:46,802 INFO     ___FILE_ONLY___ gbg-gcp-docker
2024-05-10 16:18:46,803 INFO     ___FILE_ONLY___                  
2024-05-10 16:18:46,803 INFO     ___FILE_ONLY___ gbg-gcp-docker
2024-05-10 16:18:46,803 INFO     ___FILE_ONLY___                  
2024-05-10 16:18:46,803 INFO     ___FILE_ONLY___ 834843309155
2024-05-10 16:18:46,803 INFO     ___FILE_ONLY___ 

2024-05-10 16:18:46,803 INFO     ___FILE_ONLY___ gbg-gcp-sh-billing-logs
2024-05-10 16:18:46,803 INFO     ___FILE_ONLY___         
2024-05-10 16:18:46,803 INFO     ___FILE_ONLY___ gbg-gcp-sh-billing-logs
2024-05-10 16:18:46,803 INFO     ___FILE_ONLY___         
2024-05-10 16:18:46,803 INFO     ___FILE_ONLY___ 1067262398133
2024-05-10 16:18:46,803 INFO     ___FILE_ONLY___ 

2024-05-10 16:18:46,803 INFO     ___FILE_ONLY___ gbg-gcp-sh-dns-nonprd-01
2024-05-10 16:18:46,803 INFO     ___FILE_ONLY___        
2024-05-10 16:18:46,803 INFO     ___FILE_ONLY___ gbg-gcp-sh-dns-nonprd-01
2024-05-10 16:18:46,803 INFO     ___FILE_ONLY___        
2024-05-10 16:18:46,803 INFO     ___FILE_ONLY___ 376900206660
2024-05-10 16:18:46,803 INFO     ___FILE_ONLY___ 

2024-05-10 16:18:46,803 INFO     ___FILE_ONLY___ gbg-gcp-sh-dns-prd-01
2024-05-10 16:18:46,803 INFO     ___FILE_ONLY___           
2024-05-10 16:18:46,803 INFO     ___FILE_ONLY___ gbg-gcp-sh-dns-prd-01
2024-05-10 16:18:46,803 INFO     ___FILE_ONLY___           
2024-05-10 16:18:46,803 INFO     ___FILE_ONLY___ 995979538170
2024-05-10 16:18:46,803 INFO     ___FILE_ONLY___ 

2024-05-10 16:18:46,803 INFO     ___FILE_ONLY___ gbg-gcp-sh-lo-dataplex-dev
2024-05-10 16:18:46,803 INFO     ___FILE_ONLY___      
2024-05-10 16:18:46,803 INFO     ___FILE_ONLY___ gbg-gcp-sh-lo-dataplex-dev
2024-05-10 16:18:46,803 INFO     ___FILE_ONLY___      
2024-05-10 16:18:46,803 INFO     ___FILE_ONLY___ 298410113797
2024-05-10 16:18:46,803 INFO     ___FILE_ONLY___ 

2024-05-10 16:18:46,803 INFO     ___FILE_ONLY___ gbg-gcp-sh-lo-dataplex-stg
2024-05-10 16:18:46,803 INFO     ___FILE_ONLY___      
2024-05-10 16:18:46,803 INFO     ___FILE_ONLY___ gbg-gcp-sh-lo-dataplex-stg
2024-05-10 16:18:46,803 INFO     ___FILE_ONLY___      
2024-05-10 16:18:46,803 INFO     ___FILE_ONLY___ 321957215437
2024-05-10 16:18:46,803 INFO     ___FILE_ONLY___ 

2024-05-10 16:18:46,803 INFO     ___FILE_ONLY___ gbg-gcp-sh-lo-location-dev
2024-05-10 16:18:46,803 INFO     ___FILE_ONLY___      
2024-05-10 16:18:46,803 INFO     ___FILE_ONLY___ gbg-gcp-sh-lo-location-dev
2024-05-10 16:18:46,803 INFO     ___FILE_ONLY___      
2024-05-10 16:18:46,803 INFO     ___FILE_ONLY___ 630940450794
2024-05-10 16:18:46,804 INFO     ___FILE_ONLY___ 

2024-05-10 16:18:46,804 INFO     ___FILE_ONLY___ gbg-gcp-sh-lo-location-stg
2024-05-10 16:18:46,804 INFO     ___FILE_ONLY___      
2024-05-10 16:18:46,804 INFO     ___FILE_ONLY___ gbg-gcp-sh-lo-location-stg
2024-05-10 16:18:46,804 INFO     ___FILE_ONLY___      
2024-05-10 16:18:46,804 INFO     ___FILE_ONLY___ 67082875770
2024-05-10 16:18:46,804 INFO     ___FILE_ONLY___ 

2024-05-10 16:18:46,804 INFO     ___FILE_ONLY___ gbg-gcp-sh-lo-monitoring-dev
2024-05-10 16:18:46,804 INFO     ___FILE_ONLY___    
2024-05-10 16:18:46,804 INFO     ___FILE_ONLY___ gbg-gcp-sh-lo-monitoring-dev
2024-05-10 16:18:46,804 INFO     ___FILE_ONLY___    
2024-05-10 16:18:46,804 INFO     ___FILE_ONLY___ 991084343391
2024-05-10 16:18:46,804 INFO     ___FILE_ONLY___ 

2024-05-10 16:18:46,804 INFO     ___FILE_ONLY___ gbg-gcp-sh-lo-security
2024-05-10 16:18:46,804 INFO     ___FILE_ONLY___          
2024-05-10 16:18:46,804 INFO     ___FILE_ONLY___ gbg-gcp-sh-lo-security
2024-05-10 16:18:46,804 INFO     ___FILE_ONLY___          
2024-05-10 16:18:46,804 INFO     ___FILE_ONLY___ 619920780761
2024-05-10 16:18:46,804 INFO     ___FILE_ONLY___ 

2024-05-10 16:18:46,804 INFO     ___FILE_ONLY___ gbg-gcp-sh-lo-testy
2024-05-10 16:18:46,804 INFO     ___FILE_ONLY___             
2024-05-10 16:18:46,804 INFO     ___FILE_ONLY___ gbg-gcp-sh-lo-testy
2024-05-10 16:18:46,804 INFO     ___FILE_ONLY___             
2024-05-10 16:18:46,804 INFO     ___FILE_ONLY___ 642110447408
2024-05-10 16:18:46,804 INFO     ___FILE_ONLY___ 

2024-05-10 16:18:46,804 INFO     ___FILE_ONLY___ gbg-gcp-sh-lo-tfbackend-dev
2024-05-10 16:18:46,804 INFO     ___FILE_ONLY___     
2024-05-10 16:18:46,804 INFO     ___FILE_ONLY___ gbg-gcp-sh-lo-tfbackend-dev
2024-05-10 16:18:46,804 INFO     ___FILE_ONLY___     
2024-05-10 16:18:46,804 INFO     ___FILE_ONLY___ 165825628212
2024-05-10 16:18:46,804 INFO     ___FILE_ONLY___ 

2024-05-10 16:18:46,804 INFO     ___FILE_ONLY___ gbg-gcp-sh-lo-tfbackend-poc
2024-05-10 16:18:46,804 INFO     ___FILE_ONLY___     
2024-05-10 16:18:46,804 INFO     ___FILE_ONLY___ gbg-gcp-sh-lo-tfbackend-poc
2024-05-10 16:18:46,804 INFO     ___FILE_ONLY___     
2024-05-10 16:18:46,804 INFO     ___FILE_ONLY___ 608867324935
2024-05-10 16:18:46,804 INFO     ___FILE_ONLY___ 

2024-05-10 16:18:46,804 INFO     ___FILE_ONLY___ gbg-gcp-sh-lo-tfbackend-prd
2024-05-10 16:18:46,804 INFO     ___FILE_ONLY___     
2024-05-10 16:18:46,805 INFO     ___FILE_ONLY___ gbg-gcp-sh-lo-tfbackend-prd
2024-05-10 16:18:46,805 INFO     ___FILE_ONLY___     
2024-05-10 16:18:46,805 INFO     ___FILE_ONLY___ 437669926986
2024-05-10 16:18:46,805 INFO     ___FILE_ONLY___ 

2024-05-10 16:18:46,805 INFO     ___FILE_ONLY___ gbg-gcp-sh-lo-tfbackend-stg
2024-05-10 16:18:46,805 INFO     ___FILE_ONLY___     
2024-05-10 16:18:46,805 INFO     ___FILE_ONLY___ gbg-gcp-sh-lo-tfbackend-stg
2024-05-10 16:18:46,805 INFO     ___FILE_ONLY___     
2024-05-10 16:18:46,805 INFO     ___FILE_ONLY___ 398684027792
2024-05-10 16:18:46,805 INFO     ___FILE_ONLY___ 

2024-05-10 16:18:46,805 INFO     ___FILE_ONLY___ gbg-gcp-sh-logs
2024-05-10 16:18:46,805 INFO     ___FILE_ONLY___                 
2024-05-10 16:18:46,805 INFO     ___FILE_ONLY___ gbg-gcp-sh-logs
2024-05-10 16:18:46,805 INFO     ___FILE_ONLY___                 
2024-05-10 16:18:46,805 INFO     ___FILE_ONLY___ 609779382652
2024-05-10 16:18:46,805 INFO     ___FILE_ONLY___ 

2024-05-10 16:18:46,805 INFO     ___FILE_ONLY___ gbg-gcp-sh-management-prod-01
2024-05-10 16:18:46,805 INFO     ___FILE_ONLY___   
2024-05-10 16:18:46,805 INFO     ___FILE_ONLY___ gbg-gcp-sh-management-prod-01
2024-05-10 16:18:46,805 INFO     ___FILE_ONLY___   
2024-05-10 16:18:46,805 INFO     ___FILE_ONLY___ 1003676669634
2024-05-10 16:18:46,805 INFO     ___FILE_ONLY___ 

2024-05-10 16:18:46,805 INFO     ___FILE_ONLY___ gbg-gcp-sh-mgmt-prod-01
2024-05-10 16:18:46,805 INFO     ___FILE_ONLY___         
2024-05-10 16:18:46,805 INFO     ___FILE_ONLY___ gbg-gcp-sh-mgmt-prod-01
2024-05-10 16:18:46,805 INFO     ___FILE_ONLY___         
2024-05-10 16:18:46,805 INFO     ___FILE_ONLY___ 1029287170515
2024-05-10 16:18:46,805 INFO     ___FILE_ONLY___ 

2024-05-10 16:18:46,805 INFO     ___FILE_ONLY___ gbg-gcp-sh-mon-nonprd-01
2024-05-10 16:18:46,805 INFO     ___FILE_ONLY___        
2024-05-10 16:18:46,805 INFO     ___FILE_ONLY___ gbg-gcp-sh-mon-nonprd-01
2024-05-10 16:18:46,805 INFO     ___FILE_ONLY___        
2024-05-10 16:18:46,805 INFO     ___FILE_ONLY___ 398338053124
2024-05-10 16:18:46,805 INFO     ___FILE_ONLY___ 

2024-05-10 16:18:46,805 INFO     ___FILE_ONLY___ gbg-gcp-sh-mon-prd-01
2024-05-10 16:18:46,805 INFO     ___FILE_ONLY___           
2024-05-10 16:18:46,805 INFO     ___FILE_ONLY___ gbg-gcp-sh-mon-prd-01
2024-05-10 16:18:46,805 INFO     ___FILE_ONLY___           
2024-05-10 16:18:46,805 INFO     ___FILE_ONLY___ 630361162269
2024-05-10 16:18:46,806 INFO     ___FILE_ONLY___ 

2024-05-10 16:18:46,806 INFO     ___FILE_ONLY___ gbg-gcp-sh-networks-nonprd-01
2024-05-10 16:18:46,806 INFO     ___FILE_ONLY___   
2024-05-10 16:18:46,806 INFO     ___FILE_ONLY___ gbg-gcp-sh-networks-nonprd-01
2024-05-10 16:18:46,806 INFO     ___FILE_ONLY___   
2024-05-10 16:18:46,806 INFO     ___FILE_ONLY___ 904503940172
2024-05-10 16:18:46,806 INFO     ___FILE_ONLY___ 

2024-05-10 16:18:46,806 INFO     ___FILE_ONLY___ gbg-gcp-sh-networks-prd-01
2024-05-10 16:18:46,806 INFO     ___FILE_ONLY___      
2024-05-10 16:18:46,806 INFO     ___FILE_ONLY___ gbg-gcp-sh-networks-prd-01
2024-05-10 16:18:46,806 INFO     ___FILE_ONLY___      
2024-05-10 16:18:46,806 INFO     ___FILE_ONLY___ 158244741955
2024-05-10 16:18:46,806 INFO     ___FILE_ONLY___ 

2024-05-10 16:18:46,806 INFO     ___FILE_ONLY___ gbg-gcp-sh-security-nonprd-01
2024-05-10 16:18:46,806 INFO     ___FILE_ONLY___   
2024-05-10 16:18:46,806 INFO     ___FILE_ONLY___ gbg-gcp-sh-security-nonprd-01
2024-05-10 16:18:46,806 INFO     ___FILE_ONLY___   
2024-05-10 16:18:46,806 INFO     ___FILE_ONLY___ 4193876956
2024-05-10 16:18:46,806 INFO     ___FILE_ONLY___ 

2024-05-10 16:18:46,806 INFO     ___FILE_ONLY___ gbg-gcp-sh-security-prod-01
2024-05-10 16:18:46,806 INFO     ___FILE_ONLY___     
2024-05-10 16:18:46,806 INFO     ___FILE_ONLY___ gbg-gcp-sh-security-prod-01
2024-05-10 16:18:46,806 INFO     ___FILE_ONLY___     
2024-05-10 16:18:46,806 INFO     ___FILE_ONLY___ 351584719227
2024-05-10 16:18:46,806 INFO     ___FILE_ONLY___ 

2024-05-10 16:18:46,806 INFO     ___FILE_ONLY___ gbg-gcp-wl-lo-datamesh-poc
2024-05-10 16:18:46,806 INFO     ___FILE_ONLY___      
2024-05-10 16:18:46,806 INFO     ___FILE_ONLY___ gbg-gcp-wl-lo-datamesh-poc
2024-05-10 16:18:46,806 INFO     ___FILE_ONLY___      
2024-05-10 16:18:46,806 INFO     ___FILE_ONLY___ 265655389625
2024-05-10 16:18:46,806 INFO     ___FILE_ONLY___ 

2024-05-10 16:18:46,806 INFO     ___FILE_ONLY___ gbg-gcp-wl-lo-loadstorm-nprod
2024-05-10 16:18:46,806 INFO     ___FILE_ONLY___   
2024-05-10 16:18:46,806 INFO     ___FILE_ONLY___ gbg-gcp-wl-lo-loadstorm-nprod
2024-05-10 16:18:46,806 INFO     ___FILE_ONLY___   
2024-05-10 16:18:46,806 INFO     ___FILE_ONLY___ 1000734725888
2024-05-10 16:18:46,806 INFO     ___FILE_ONLY___ 

2024-05-10 16:18:46,806 INFO     ___FILE_ONLY___ gbg-gcp-wl-lo-reach-nprod
2024-05-10 16:18:46,806 INFO     ___FILE_ONLY___       
2024-05-10 16:18:46,806 INFO     ___FILE_ONLY___ gbg-gcp-wl-lo-reach-nprod
2024-05-10 16:18:46,806 INFO     ___FILE_ONLY___       
2024-05-10 16:18:46,806 INFO     ___FILE_ONLY___ 885587383631
2024-05-10 16:18:46,806 INFO     ___FILE_ONLY___ 

2024-05-10 16:18:46,807 INFO     ___FILE_ONLY___ gbg-gcp-wl-lo-reach-prod
2024-05-10 16:18:46,807 INFO     ___FILE_ONLY___        
2024-05-10 16:18:46,807 INFO     ___FILE_ONLY___ gbg-gcp-wl-lo-reach-prod
2024-05-10 16:18:46,807 INFO     ___FILE_ONLY___        
2024-05-10 16:18:46,807 INFO     ___FILE_ONLY___ 1074768969047
2024-05-10 16:18:46,807 INFO     ___FILE_ONLY___ 

2024-05-10 16:18:46,807 INFO     ___FILE_ONLY___ gbg-gcp-wl-lo-verify-nprod
2024-05-10 16:18:46,807 INFO     ___FILE_ONLY___      
2024-05-10 16:18:46,807 INFO     ___FILE_ONLY___ gbg-gcp-wl-lo-verify-nprod
2024-05-10 16:18:46,807 INFO     ___FILE_ONLY___      
2024-05-10 16:18:46,807 INFO     ___FILE_ONLY___ 204721708324
2024-05-10 16:18:46,807 INFO     ___FILE_ONLY___ 

2024-05-10 16:18:46,807 INFO     ___FILE_ONLY___ gbg-gcp-wl-verify-prod-406810
2024-05-10 16:18:46,807 INFO     ___FILE_ONLY___   
2024-05-10 16:18:46,807 INFO     ___FILE_ONLY___ gbg-gcp-wl-lo-verify-prod
2024-05-10 16:18:46,807 INFO     ___FILE_ONLY___       
2024-05-10 16:18:46,807 INFO     ___FILE_ONLY___ 569224859240
2024-05-10 16:18:46,807 INFO     ___FILE_ONLY___ 

2024-05-10 16:18:46,807 INFO     ___FILE_ONLY___ internal-systems-1344
2024-05-10 16:18:46,807 INFO     ___FILE_ONLY___           
2024-05-10 16:18:46,807 INFO     ___FILE_ONLY___ PCA 6
2024-05-10 16:18:46,807 INFO     ___FILE_ONLY___                           
2024-05-10 16:18:46,807 INFO     ___FILE_ONLY___ 9593817191
2024-05-10 16:18:46,807 INFO     ___FILE_ONLY___ 

2024-05-10 16:18:46,807 INFO     ___FILE_ONLY___ loqate-ai-ml-poc
2024-05-10 16:18:46,807 INFO     ___FILE_ONLY___                
2024-05-10 16:18:46,807 INFO     ___FILE_ONLY___ Loqate-AI-ML-PoC
2024-05-10 16:18:46,807 INFO     ___FILE_ONLY___                
2024-05-10 16:18:46,807 INFO     ___FILE_ONLY___ 163840131486
2024-05-10 16:18:46,807 INFO     ___FILE_ONLY___ 

2024-05-10 16:18:46,807 INFO     ___FILE_ONLY___ loqate-data
2024-05-10 16:18:46,807 INFO     ___FILE_ONLY___                     
2024-05-10 16:18:46,807 INFO     ___FILE_ONLY___ loqate-data
2024-05-10 16:18:46,807 INFO     ___FILE_ONLY___                     
2024-05-10 16:18:46,807 INFO     ___FILE_ONLY___ 1000449438512
2024-05-10 16:18:46,807 INFO     ___FILE_ONLY___ 

2024-05-10 16:18:46,807 INFO     ___FILE_ONLY___ mdc-mgmt-proj-1062284040113
2024-05-10 16:18:46,808 INFO     ___FILE_ONLY___     
2024-05-10 16:18:46,808 INFO     ___FILE_ONLY___ Microsoft MGMT Project
2024-05-10 16:18:46,808 INFO     ___FILE_ONLY___          
2024-05-10 16:18:46,808 INFO     ___FILE_ONLY___ 698813266074
2024-05-10 16:18:46,808 INFO     ___FILE_ONLY___ 

2024-05-10 16:18:46,808 INFO     ___FILE_ONLY___ mdc-mgmt-proj-865038456780
2024-05-10 16:18:46,808 INFO     ___FILE_ONLY___      
2024-05-10 16:18:46,808 INFO     ___FILE_ONLY___ Microsoft MGMT Project
2024-05-10 16:18:46,808 INFO     ___FILE_ONLY___          
2024-05-10 16:18:46,808 INFO     ___FILE_ONLY___ 561042413600
2024-05-10 16:18:46,808 INFO     ___FILE_ONLY___ 

2024-05-10 16:18:46,808 INFO     ___FILE_ONLY___ myl-test-project
2024-05-10 16:18:46,808 INFO     ___FILE_ONLY___                
2024-05-10 16:18:46,808 INFO     ___FILE_ONLY___ myl-test-project
2024-05-10 16:18:46,808 INFO     ___FILE_ONLY___                
2024-05-10 16:18:46,808 INFO     ___FILE_ONLY___ 800279067406
2024-05-10 16:18:46,808 INFO     ___FILE_ONLY___ 

2024-05-10 16:18:46,808 INFO     ___FILE_ONLY___ pca-canada-post
2024-05-10 16:18:46,808 INFO     ___FILE_ONLY___                 
2024-05-10 16:18:46,808 INFO     ___FILE_ONLY___ pca-canada-post
2024-05-10 16:18:46,808 INFO     ___FILE_ONLY___                 
2024-05-10 16:18:46,808 INFO     ___FILE_ONLY___ 982617834787
2024-05-10 16:18:46,808 INFO     ___FILE_ONLY___ 

2024-05-10 16:18:46,808 INFO     ___FILE_ONLY___ pca-platform-test
2024-05-10 16:18:46,808 INFO     ___FILE_ONLY___               
2024-05-10 16:18:46,808 INFO     ___FILE_ONLY___ PCA Platform Test
2024-05-10 16:18:46,808 INFO     ___FILE_ONLY___               
2024-05-10 16:18:46,808 INFO     ___FILE_ONLY___ 404592341506
2024-05-10 16:18:46,808 INFO     ___FILE_ONLY___ 

2024-05-10 16:18:46,808 INFO     ___FILE_ONLY___ websites-194614
2024-05-10 16:18:46,808 INFO     ___FILE_ONLY___                 
2024-05-10 16:18:46,808 INFO     ___FILE_ONLY___ websites
2024-05-10 16:18:46,808 INFO     ___FILE_ONLY___                        
2024-05-10 16:18:46,808 INFO     ___FILE_ONLY___ 953515763473
2024-05-10 16:18:46,808 INFO     ___FILE_ONLY___ 

