2024-05-11 22:26:05,657 DEBUG    root            Loaded Command Group: ['gcloud', 'projects']
2024-05-11 22:26:05,660 DEBUG    root            Loaded Command Group: ['gcloud', 'projects', 'create']
2024-05-11 22:26:05,661 DEBUG    root            Running [gcloud.projects.create] with arguments: [--organization: "swlabs.fyi", PROJECT_ID: "sw-management"]
2024-05-11 22:26:05,671 DEBUG    urllib3.connectionpool Starting new HTTPS connection (1): cloudresourcemanager.googleapis.com:443
2024-05-11 22:26:06,430 DEBUG    urllib3.connectionpool https://cloudresourcemanager.googleapis.com:443 "POST /v1/projects?alt=json HTTP/1.1" 400 None
2024-05-11 22:26:06,432 DEBUG    root            Chosen display Format:default
2024-05-11 22:26:06,433 DEBUG    root            Chosen display Format:default
2024-05-11 22:26:06,434 DEBUG    root            Chosen display Format:default
2024-05-11 22:26:06,435 DEBUG    root            (gcloud.projects.create) INVALID_ARGUMENT: field [parent] has issue [Parent id must be numeric.]
- '@type': type.googleapis.com/google.rpc.BadRequest
  fieldViolations:
  - description: Parent id must be numeric.
    field: parent
- '@type': type.googleapis.com/google.rpc.Help
  links:
  - url: https://cloud.google.com/resource-manager/reference/rest/v1/projects
Traceback (most recent call last):
  File "/home/dev/google-cloud-sdk/lib/googlecloudsdk/calliope/cli.py", line 987, in Execute
    resources = calliope_command.Run(cli=self, args=args)
  File "/home/dev/google-cloud-sdk/lib/googlecloudsdk/calliope/backend.py", line 807, in Run
    resources = command_instance.Run(args)
  File "/home/dev/google-cloud-sdk/lib/surface/projects/create.py", line 138, in Run
    create_op = projects_api.Create(
  File "/home/dev/google-cloud-sdk/lib/googlecloudsdk/api_lib/cloudresourcemanager/projects_api.py", line 154, in Create
    return client.projects.Create(
  File "/home/dev/google-cloud-sdk/lib/googlecloudsdk/generated_clients/apis/cloudresourcemanager/v1/cloudresourcemanager_v1_client.py", line 706, in Create
    return self._RunMethod(
  File "/home/dev/google-cloud-sdk/lib/third_party/apitools/base/py/base_api.py", line 737, in _RunMethod
    return self.ProcessHttpResponse(method_config, http_response, request)
  File "/home/dev/google-cloud-sdk/lib/third_party/apitools/base/py/base_api.py", line 743, in ProcessHttpResponse
    self.__ProcessHttpResponse(method_config, http_response, request))
  File "/home/dev/google-cloud-sdk/lib/third_party/apitools/base/py/base_api.py", line 609, in __ProcessHttpResponse
    raise exceptions.HttpError.FromResponse(
apitools.base.py.exceptions.HttpBadRequestError: HttpError accessing <https://cloudresourcemanager.googleapis.com/v1/projects?alt=json>: response: <{'vary': 'Origin, X-Origin, Referer', 'content-type': 'application/json; charset=UTF-8', 'content-encoding': 'gzip', 'date': 'Sat, 11 May 2024 21:26:05 GMT', 'server': 'ESF', 'cache-control': 'private', 'x-xss-protection': '0', 'x-frame-options': 'SAMEORIGIN', 'x-content-type-options': 'nosniff', 'server-timing': 'gfet4t7; dur=653', 'alt-svc': 'h3=":443"; ma=2592000,h3-29=":443"; ma=2592000', 'transfer-encoding': 'chunked', 'status': 400}>, content <{
  "error": {
    "code": 400,
    "message": "field [parent] has issue [Parent id must be numeric.]",
    "status": "INVALID_ARGUMENT",
    "details": [
      {
        "@type": "type.googleapis.com/google.rpc.BadRequest",
        "fieldViolations": [
          {
            "field": "parent",
            "description": "Parent id must be numeric."
          }
        ]
      },
      {
        "@type": "type.googleapis.com/google.rpc.Help",
        "links": [
          {
            "url": "https://cloud.google.com/resource-manager/reference/rest/v1/projects"
          }
        ]
      }
    ]
  }
}
>
2024-05-11 22:26:06,437 ERROR    root            (gcloud.projects.create) INVALID_ARGUMENT: field [parent] has issue [Parent id must be numeric.]
- '@type': type.googleapis.com/google.rpc.BadRequest
  fieldViolations:
  - description: Parent id must be numeric.
    field: parent
- '@type': type.googleapis.com/google.rpc.Help
  links:
  - url: https://cloud.google.com/resource-manager/reference/rest/v1/projects
