2024-05-11 22:27:49,985 DEBUG    root            Loaded Command Group: ['gcloud', 'projects']
2024-05-11 22:27:49,986 DEBUG    root            Loaded Command Group: ['gcloud', 'projects', 'create']
2024-05-11 22:27:49,988 DEBUG    root            Running [gcloud.projects.create] with arguments: [--organization: "293336062732", PROJECT_ID: "swfyi-management"]
2024-05-11 22:27:49,997 DEBUG    urllib3.connectionpool Starting new HTTPS connection (1): cloudresourcemanager.googleapis.com:443
2024-05-11 22:27:50,798 DEBUG    urllib3.connectionpool https://cloudresourcemanager.googleapis.com:443 "POST /v1/projects?alt=json HTTP/1.1" 200 None
2024-05-11 22:27:50,799 INFO     ___FILE_ONLY___ Create in progress for [https://cloudresourcemanager.googleapis.com/v1/projects/swfyi-management].

2024-05-11 22:27:50,800 INFO     ___FILE_ONLY___ Waiting for [operations/cp.7077136584687231164] to finish...
2024-05-11 22:27:51,806 DEBUG    urllib3.connectionpool Starting new HTTPS connection (1): cloudresourcemanager.googleapis.com:443
2024-05-11 22:27:52,631 DEBUG    urllib3.connectionpool https://cloudresourcemanager.googleapis.com:443 "GET /v1/operations/cp.7077136584687231164?alt=json HTTP/1.1" 200 None
2024-05-11 22:27:55,087 DEBUG    urllib3.connectionpool Starting new HTTPS connection (1): cloudresourcemanager.googleapis.com:443
2024-05-11 22:27:55,963 DEBUG    urllib3.connectionpool https://cloudresourcemanager.googleapis.com:443 "GET /v1/operations/cp.7077136584687231164?alt=json HTTP/1.1" 200 None
2024-05-11 22:27:55,965 DEBUG    root            Enabling cloudapis.googleapis.com
2024-05-11 22:27:55,965 INFO     ___FILE_ONLY___ Enabling service [cloudapis.googleapis.com] on project [swfyi-management]...

2024-05-11 22:27:55,980 DEBUG    urllib3.connectionpool Starting new HTTPS connection (1): serviceusage.googleapis.com:443
2024-05-11 22:27:57,796 DEBUG    urllib3.connectionpool https://serviceusage.googleapis.com:443 "POST /v1/projects/swfyi-management/services/cloudapis.googleapis.com:enable?alt=json HTTP/1.1" 200 None
2024-05-11 22:27:57,801 DEBUG    urllib3.connectionpool Starting new HTTPS connection (1): serviceusage.googleapis.com:443
2024-05-11 22:27:58,640 DEBUG    urllib3.connectionpool https://serviceusage.googleapis.com:443 "GET /v1/operations/acat.p2-196693689029-3af10dbd-67c5-453a-86b3-5af07bc28204?alt=json HTTP/1.1" 200 None
2024-05-11 22:28:01,575 DEBUG    urllib3.connectionpool Starting new HTTPS connection (1): serviceusage.googleapis.com:443
2024-05-11 22:28:02,439 DEBUG    urllib3.connectionpool https://serviceusage.googleapis.com:443 "GET /v1/operations/acat.p2-196693689029-3af10dbd-67c5-453a-86b3-5af07bc28204?alt=json HTTP/1.1" 200 None
2024-05-11 22:28:02,440 INFO     ___FILE_ONLY___ Operation "operations/acat.p2-196693689029-3af10dbd-67c5-453a-86b3-5af07bc28204" finished successfully.

2024-05-11 22:28:02,441 DEBUG    root            Chosen display Format:none
2024-05-11 22:28:02,442 INFO     root            Display format: "none"
