2024-05-11 22:25:07,985 DEBUG    root            Loaded Command Group: ['gcloud', 'auth']
2024-05-11 22:25:07,990 DEBUG    root            Loaded Command Group: ['gcloud', 'auth', 'login']
2024-05-11 22:25:07,992 DEBUG    root            Running [gcloud.auth.login] with arguments: []
2024-05-11 22:25:08,482 DEBUG    requests_oauthlib.oauth2_session Generated new state Itn5e51qHJj4c9YR3ngqnrZVVfXVSe.
2024-05-11 22:25:08,482 INFO     ___FILE_ONLY___ Go to the following link in your browser:

    https://accounts.google.com/o/oauth2/auth?response_type=code&client_id=32555940559.apps.googleusercontent.com&redirect_uri=https%3A%2F%2Fsdk.cloud.google.com%2Fauthcode.html&scope=openid+https%3A%2F%2Fwww.googleapis.com%2Fauth%2Fuserinfo.email+https%3A%2F%2Fwww.googleapis.com%2Fauth%2Fcloud-platform+https%3A%2F%2Fwww.googleapis.com%2Fauth%2Fappengine.admin+https%3A%2F%2Fwww.googleapis.com%2Fauth%2Fsqlservice.login+https%3A%2F%2Fwww.googleapis.com%2Fauth%2Fcompute+https%3A%2F%2Fwww.googleapis.com%2Fauth%2Faccounts.reauth&state=Itn5e51qHJj4c9YR3ngqnrZVVfXVSe&prompt=consent&access_type=offline&code_challenge=U-ZlhOUP6PhXFeT85ybX5uSYIl2_gTuQK4wgqei6U-0&code_challenge_method=S256


2024-05-11 22:25:39,689 DEBUG    requests_oauthlib.oauth2_session Requesting url https://oauth2.googleapis.com/token using method POST.
2024-05-11 22:25:39,690 DEBUG    requests_oauthlib.oauth2_session Supplying headers {b'Accept': b'application/json', b'Content-Type': b'application/x-www-form-urlencoded;charset=UTF-8', b'user-agent': b'google-cloud-sdk gcloud/446.0.1 command/gcloud.auth.login invocation-id/ad53e94309fe4506b3970cf70512db80 environment/None environment-version/None client-os/LINUX client-os-ver/5.15.146 client-pltf-arch/x86_64 interactive/True from-script/False python/3.9.16 term/tmux-256color (Linux 5.15.146.1-microsoft-standard-WSL2)'} and data {'grant_type': 'authorization_code', 'client_id': '32555940559.apps.googleusercontent.com', 'client_secret': 'ZmssLNjJy2998hD4CTg2ejr2', 'code': '4/0AdLIrYeMziD7YZyXfd5YTcJw8O1U7Ctu5j_TR4pEFFT-QZ5FgxLaCCVirHkbEMvRgZuNWA', 'redirect_uri': 'https://sdk.cloud.google.com/authcode.html', 'code_verifier': '~JU_EONyakjOQBC~7ZgrH5yAbIbk-he2PQiqYBz3y5CeyCUcx~_TrGcK85wCrw7bm7AXTixRA95.5rVO0Kq_oDVPu7ZDA71hP1TQE4Zm2UMz2OPcuL10hlQPmbPM04kt'}
2024-05-11 22:25:39,690 DEBUG    requests_oauthlib.oauth2_session Passing through key word arguments {'json': None, 'timeout': None, 'auth': None, 'verify': None, 'proxies': None}.
2024-05-11 22:25:39,691 DEBUG    urllib3.connectionpool Starting new HTTPS connection (1): oauth2.googleapis.com:443
2024-05-11 22:25:39,825 DEBUG    urllib3.connectionpool https://oauth2.googleapis.com:443 "POST /token HTTP/1.1" 200 None
2024-05-11 22:25:39,826 DEBUG    requests_oauthlib.oauth2_session Prepared fetch token request body grant_type=authorization_code&client_id=32555940559.apps.googleusercontent.com&client_secret=ZmssLNjJy2998hD4CTg2ejr2&code=4%2F0AdLIrYeMziD7YZyXfd5YTcJw8O1U7Ctu5j_TR4pEFFT-QZ5FgxLaCCVirHkbEMvRgZuNWA&redirect_uri=https%3A%2F%2Fsdk.cloud.google.com%2Fauthcode.html&code_verifier=~JU_EONyakjOQBC~7ZgrH5yAbIbk-he2PQiqYBz3y5CeyCUcx~_TrGcK85wCrw7bm7AXTixRA95.5rVO0Kq_oDVPu7ZDA71hP1TQE4Zm2UMz2OPcuL10hlQPmbPM04kt
2024-05-11 22:25:39,826 DEBUG    requests_oauthlib.oauth2_session Request to fetch token completed with status 200.
2024-05-11 22:25:39,826 DEBUG    requests_oauthlib.oauth2_session Request headers were {'user-agent': b'google-cloud-sdk gcloud/446.0.1 command/gcloud.auth.login invocation-id/ad53e94309fe4506b3970cf70512db80 environment/None environment-version/None client-os/LINUX client-os-ver/5.15.146 client-pltf-arch/x86_64 interactive/True from-script/False python/3.9.16 term/tmux-256color (Linux 5.15.146.1-microsoft-standard-WSL2)', 'Accept-Encoding': 'gzip, deflate', 'Accept': b'application/json', 'Connection': 'keep-alive', 'Content-Type': b'application/x-www-form-urlencoded;charset=UTF-8', 'Content-Length': '405'}
2024-05-11 22:25:39,826 DEBUG    requests_oauthlib.oauth2_session Request body was grant_type=authorization_code&client_id=32555940559.apps.googleusercontent.com&client_secret=ZmssLNjJy2998hD4CTg2ejr2&code=4%2F0AdLIrYeMziD7YZyXfd5YTcJw8O1U7Ctu5j_TR4pEFFT-QZ5FgxLaCCVirHkbEMvRgZuNWA&redirect_uri=https%3A%2F%2Fsdk.cloud.google.com%2Fauthcode.html&code_verifier=~JU_EONyakjOQBC~7ZgrH5yAbIbk-he2PQiqYBz3y5CeyCUcx~_TrGcK85wCrw7bm7AXTixRA95.5rVO0Kq_oDVPu7ZDA71hP1TQE4Zm2UMz2OPcuL10hlQPmbPM04kt
2024-05-11 22:25:39,826 DEBUG    requests_oauthlib.oauth2_session Response headers were {'Expires': 'Mon, 01 Jan 1990 00:00:00 GMT', 'Cache-Control': 'no-cache, no-store, max-age=0, must-revalidate', 'Pragma': 'no-cache', 'Date': 'Sat, 11 May 2024 21:25:39 GMT', 'Content-Type': 'application/json; charset=utf-8', 'Vary': 'Origin, X-Origin, Referer', 'Content-Encoding': 'gzip', 'Server': 'scaffolding on HTTPServer2', 'X-XSS-Protection': '0', 'X-Frame-Options': 'SAMEORIGIN', 'X-Content-Type-Options': 'nosniff', 'Alt-Svc': 'h3=":443"; ma=2592000,h3-29=":443"; ma=2592000', 'Transfer-Encoding': 'chunked'} and content {
  "access_token": "ya29.a0AXooCgtK3mtpJ5LNXuPIFCwPkz4NntNK22iB61iN4PWalF59cMoM6yvEFNet7-TcURa6j-XGLGfLQFWW6PZj_2SFp3MfBnwBvvUkaUWjtLvI0KXKmfX35X9VjtenjY4FIC7-mj7st4ZjlRZvgcCK8r85ErEV01H4C8cVaILW_waCgYKAbYSARMSFQHGX2MiDg1q3Swgkas1YtoxWc7hnA0177",
  "expires_in": 3599,
  "refresh_token": "1//03PywPgiYc3qICgYIARAAGAMSNwF-L9IrMe907Hz34Z1kz09RiIH8MBXdqs_yGpOcc-u3VipFvUHUECrKlgFuHQQk-B-P9ncuH-0",
  "scope": "https://www.googleapis.com/auth/cloud-platform https://www.googleapis.com/auth/compute https://www.googleapis.com/auth/sqlservice.login openid https://www.googleapis.com/auth/accounts.reauth https://www.googleapis.com/auth/userinfo.email https://www.googleapis.com/auth/appengine.admin",
  "token_type": "Bearer",
  "id_token": "eyJhbGciOiJSUzI1NiIsImtpZCI6ImEzYjc2MmY4NzFjZGIzYmFlMDA0NGM2NDk2MjJmYzEzOTZlZGEzZTMiLCJ0eXAiOiJKV1QifQ.eyJpc3MiOiJodHRwczovL2FjY291bnRzLmdvb2dsZS5jb20iLCJhenAiOiIzMjU1NTk0MDU1OS5hcHBzLmdvb2dsZXVzZXJjb250ZW50LmNvbSIsImF1ZCI6IjMyNTU1OTQwNTU5LmFwcHMuZ29vZ2xldXNlcmNvbnRlbnQuY29tIiwic3ViIjoiMTAzODA4NTk1OTU0NTMwMTAwNTg5IiwiaGQiOiJzd2xhYnMuZnlpIiwiZW1haWwiOiJhZG1pbkBzd2xhYnMuZnlpIiwiZW1haWxfdmVyaWZpZWQiOnRydWUsImF0X2hhc2giOiJIX2YzVW52UHZvU0dneXJpakJQRG9RIiwiaWF0IjoxNzE1NDYyNzM5LCJleHAiOjE3MTU0NjYzMzl9.REL46tUjMCHjpVq5Z68gGXh0ChGj1eMg7lNz1vbQVzi7TJEOeyMIzcjOdluE_F1w1nLnV9zu5Irts1rR2FhVcRIGJJBcN88iuwen20l4E4z-j3lk-LSI2uj0immajjOEEI_g3IiFidv1viJEFEsPj4rsVdxky-PQaMbKaF6HBWmQCjAo-_CpBqBo308ZpeOzM1wqHRzGrUUIC6TlL0QGXdlMUfSmVPXzcnPVoN-jUK0gctTzPlBz1CxeoAVU95g4cOAiCuHKiB6FFJs6KAmN6R60o2yn-w4CDcbrnJw5MZbejviE0ZYTyXpdeHXRtGc2fWmDDoUtfEjMVRm5tebGGA"
}.
2024-05-11 22:25:39,826 DEBUG    requests_oauthlib.oauth2_session Invoking 0 token response hooks.
2024-05-11 22:25:39,826 DEBUG    requests_oauthlib.oauth2_session Obtained token {'access_token': 'ya29.a0AXooCgtK3mtpJ5LNXuPIFCwPkz4NntNK22iB61iN4PWalF59cMoM6yvEFNet7-TcURa6j-XGLGfLQFWW6PZj_2SFp3MfBnwBvvUkaUWjtLvI0KXKmfX35X9VjtenjY4FIC7-mj7st4ZjlRZvgcCK8r85ErEV01H4C8cVaILW_waCgYKAbYSARMSFQHGX2MiDg1q3Swgkas1YtoxWc7hnA0177', 'expires_in': 3599, 'refresh_token': '1//03PywPgiYc3qICgYIARAAGAMSNwF-L9IrMe907Hz34Z1kz09RiIH8MBXdqs_yGpOcc-u3VipFvUHUECrKlgFuHQQk-B-P9ncuH-0', 'scope': ['https://www.googleapis.com/auth/cloud-platform', 'https://www.googleapis.com/auth/compute', 'https://www.googleapis.com/auth/sqlservice.login', 'openid', 'https://www.googleapis.com/auth/accounts.reauth', 'https://www.googleapis.com/auth/userinfo.email', 'https://www.googleapis.com/auth/appengine.admin'], 'token_type': 'Bearer', 'id_token': 'eyJhbGciOiJSUzI1NiIsImtpZCI6ImEzYjc2MmY4NzFjZGIzYmFlMDA0NGM2NDk2MjJmYzEzOTZlZGEzZTMiLCJ0eXAiOiJKV1QifQ.eyJpc3MiOiJodHRwczovL2FjY291bnRzLmdvb2dsZS5jb20iLCJhenAiOiIzMjU1NTk0MDU1OS5hcHBzLmdvb2dsZXVzZXJjb250ZW50LmNvbSIsImF1ZCI6IjMyNTU1OTQwNTU5LmFwcHMuZ29vZ2xldXNlcmNvbnRlbnQuY29tIiwic3ViIjoiMTAzODA4NTk1OTU0NTMwMTAwNTg5IiwiaGQiOiJzd2xhYnMuZnlpIiwiZW1haWwiOiJhZG1pbkBzd2xhYnMuZnlpIiwiZW1haWxfdmVyaWZpZWQiOnRydWUsImF0X2hhc2giOiJIX2YzVW52UHZvU0dneXJpakJQRG9RIiwiaWF0IjoxNzE1NDYyNzM5LCJleHAiOjE3MTU0NjYzMzl9.REL46tUjMCHjpVq5Z68gGXh0ChGj1eMg7lNz1vbQVzi7TJEOeyMIzcjOdluE_F1w1nLnV9zu5Irts1rR2FhVcRIGJJBcN88iuwen20l4E4z-j3lk-LSI2uj0immajjOEEI_g3IiFidv1viJEFEsPj4rsVdxky-PQaMbKaF6HBWmQCjAo-_CpBqBo308ZpeOzM1wqHRzGrUUIC6TlL0QGXdlMUfSmVPXzcnPVoN-jUK0gctTzPlBz1CxeoAVU95g4cOAiCuHKiB6FFJs6KAmN6R60o2yn-w4CDcbrnJw5MZbejviE0ZYTyXpdeHXRtGc2fWmDDoUtfEjMVRm5tebGGA', 'expires_at': 1715466338.8265767}.
2024-05-11 22:25:39,833 INFO     ___FILE_ONLY___ 
You are now logged in as [admin@swlabs.fyi].
Your current project is [None].  You can change this setting by running:
  $ gcloud config set project PROJECT_ID

2024-05-11 22:25:39,833 DEBUG    root            Chosen display Format:none
2024-05-11 22:25:39,833 INFO     root            Display format: "none"
2024-05-11 22:25:39,834 DEBUG    root            Checking for updates...
2024-05-11 22:25:39,837 DEBUG    urllib3.connectionpool Starting new HTTPS connection (1): dl.google.com:443
2024-05-11 22:25:40,067 DEBUG    urllib3.connectionpool https://dl.google.com:443 "GET /dl/cloudsdk/channels/rapid/components-2.json HTTP/1.1" 200 222652
2024-05-11 22:25:40,146 INFO     ___FILE_ONLY___ 

Updates are available for some Google Cloud CLI components.  To install them,
please run:
  $ gcloud components update


