2024-05-15 15:49:06,261 DEBUG    root            Loaded Command Group: ['gcloud', 'auth']
2024-05-15 15:49:06,265 DEBUG    root            Loaded Command Group: ['gcloud', 'auth', 'login']
2024-05-15 15:49:06,266 DEBUG    root            Running [gcloud.auth.login] with arguments: []
2024-05-15 15:49:06,735 DEBUG    requests_oauthlib.oauth2_session Generated new state qxjzAC8AtO4ut1gF6oh7ywRO7xDJZ7.
2024-05-15 15:49:06,735 INFO     ___FILE_ONLY___ Go to the following link in your browser:

    https://accounts.google.com/o/oauth2/auth?response_type=code&client_id=32555940559.apps.googleusercontent.com&redirect_uri=https%3A%2F%2Fsdk.cloud.google.com%2Fauthcode.html&scope=openid+https%3A%2F%2Fwww.googleapis.com%2Fauth%2Fuserinfo.email+https%3A%2F%2Fwww.googleapis.com%2Fauth%2Fcloud-platform+https%3A%2F%2Fwww.googleapis.com%2Fauth%2Fappengine.admin+https%3A%2F%2Fwww.googleapis.com%2Fauth%2Fsqlservice.login+https%3A%2F%2Fwww.googleapis.com%2Fauth%2Fcompute+https%3A%2F%2Fwww.googleapis.com%2Fauth%2Faccounts.reauth&state=qxjzAC8AtO4ut1gF6oh7ywRO7xDJZ7&prompt=consent&access_type=offline&code_challenge=ECG0rM0I61ziMATVG7ozUTliiEICJDKtUIC78hpgzLY&code_challenge_method=S256


2024-05-15 15:49:22,979 DEBUG    requests_oauthlib.oauth2_session Requesting url https://oauth2.googleapis.com/token using method POST.
2024-05-15 15:49:22,979 DEBUG    requests_oauthlib.oauth2_session Supplying headers {b'Accept': b'application/json', b'Content-Type': b'application/x-www-form-urlencoded;charset=UTF-8', b'user-agent': b'google-cloud-sdk gcloud/446.0.1 command/gcloud.auth.login invocation-id/324e62b801724705a9b17d2f2a0beb74 environment/None environment-version/None client-os/LINUX client-os-ver/5.15.146 client-pltf-arch/x86_64 interactive/True from-script/False python/3.9.16 term/tmux-256color (Linux 5.15.146.1-microsoft-standard-WSL2)'} and data {'grant_type': 'authorization_code', 'client_id': '32555940559.apps.googleusercontent.com', 'client_secret': 'ZmssLNjJy2998hD4CTg2ejr2', 'code': '4/0AdLIrYfsHE7-NYBoRCe5mXS2My9SiQt3KPXbD9nksHIjp60frjbBaPjsRxEPND5uQW5JCA', 'redirect_uri': 'https://sdk.cloud.google.com/authcode.html', 'code_verifier': '.kVOXnZEVXh2kOYquAhBaBG~Z01h3nwNf.AVoZbYqqDniS9iWNjYo~dHTjLfEdXC2UYbZrw_nmCYcfp.Wyt94dh8S9NgnO7jy807KBwzj7QJm3N1TpEf8TF0zB9t.Gsh'}
2024-05-15 15:49:22,979 DEBUG    requests_oauthlib.oauth2_session Passing through key word arguments {'json': None, 'timeout': None, 'auth': None, 'verify': None, 'proxies': None}.
2024-05-15 15:49:22,981 DEBUG    urllib3.connectionpool Starting new HTTPS connection (1): oauth2.googleapis.com:443
2024-05-15 15:49:23,115 DEBUG    urllib3.connectionpool https://oauth2.googleapis.com:443 "POST /token HTTP/1.1" 200 None
2024-05-15 15:49:23,115 DEBUG    requests_oauthlib.oauth2_session Prepared fetch token request body grant_type=authorization_code&client_id=32555940559.apps.googleusercontent.com&client_secret=ZmssLNjJy2998hD4CTg2ejr2&code=4%2F0AdLIrYfsHE7-NYBoRCe5mXS2My9SiQt3KPXbD9nksHIjp60frjbBaPjsRxEPND5uQW5JCA&redirect_uri=https%3A%2F%2Fsdk.cloud.google.com%2Fauthcode.html&code_verifier=.kVOXnZEVXh2kOYquAhBaBG~Z01h3nwNf.AVoZbYqqDniS9iWNjYo~dHTjLfEdXC2UYbZrw_nmCYcfp.Wyt94dh8S9NgnO7jy807KBwzj7QJm3N1TpEf8TF0zB9t.Gsh
2024-05-15 15:49:23,116 DEBUG    requests_oauthlib.oauth2_session Request to fetch token completed with status 200.
2024-05-15 15:49:23,116 DEBUG    requests_oauthlib.oauth2_session Request headers were {'user-agent': b'google-cloud-sdk gcloud/446.0.1 command/gcloud.auth.login invocation-id/324e62b801724705a9b17d2f2a0beb74 environment/None environment-version/None client-os/LINUX client-os-ver/5.15.146 client-pltf-arch/x86_64 interactive/True from-script/False python/3.9.16 term/tmux-256color (Linux 5.15.146.1-microsoft-standard-WSL2)', 'Accept-Encoding': 'gzip, deflate', 'Accept': b'application/json', 'Connection': 'keep-alive', 'Content-Type': b'application/x-www-form-urlencoded;charset=UTF-8', 'Content-Length': '405'}
2024-05-15 15:49:23,116 DEBUG    requests_oauthlib.oauth2_session Request body was grant_type=authorization_code&client_id=32555940559.apps.googleusercontent.com&client_secret=ZmssLNjJy2998hD4CTg2ejr2&code=4%2F0AdLIrYfsHE7-NYBoRCe5mXS2My9SiQt3KPXbD9nksHIjp60frjbBaPjsRxEPND5uQW5JCA&redirect_uri=https%3A%2F%2Fsdk.cloud.google.com%2Fauthcode.html&code_verifier=.kVOXnZEVXh2kOYquAhBaBG~Z01h3nwNf.AVoZbYqqDniS9iWNjYo~dHTjLfEdXC2UYbZrw_nmCYcfp.Wyt94dh8S9NgnO7jy807KBwzj7QJm3N1TpEf8TF0zB9t.Gsh
2024-05-15 15:49:23,116 DEBUG    requests_oauthlib.oauth2_session Response headers were {'Pragma': 'no-cache', 'Expires': 'Mon, 01 Jan 1990 00:00:00 GMT', 'Cache-Control': 'no-cache, no-store, max-age=0, must-revalidate', 'Date': 'Wed, 15 May 2024 14:49:22 GMT', 'Content-Type': 'application/json; charset=utf-8', 'Vary': 'Origin, X-Origin, Referer', 'Content-Encoding': 'gzip', 'Server': 'scaffolding on HTTPServer2', 'X-XSS-Protection': '0', 'X-Frame-Options': 'SAMEORIGIN', 'X-Content-Type-Options': 'nosniff', 'Alt-Svc': 'h3=":443"; ma=2592000,h3-29=":443"; ma=2592000', 'Transfer-Encoding': 'chunked'} and content {
  "access_token": "ya29.a0AXooCgsS1ori_M1Av5MvWVfKbHbobZmaFXpw04YyHruyRwYsQ-m30CyveJafrPUcrz40I81aaBaEVq5CtvTOYeIET6DyTwcrkKzz15xXioUD0j9ClBU93ek3eGavC4Cw25gs1OVgqmabmu8efd3wfAs4PBletECWibjb6VSDVwaCgYKAYkSARMSFQHGX2Mirk_oz02iHgShQvbrrb1ZNQ0177",
  "expires_in": 3599,
  "refresh_token": "1//03_pyl8doFDvxCgYIARAAGAMSNwF-L9Ir4Pm6VstQ3YofRil8XyHFHQ9l_yKA4ZmLgwk_dCcdEHD2vV0A5mSuoY0w2l40kGBstus",
  "scope": "https://www.googleapis.com/auth/cloud-platform https://www.googleapis.com/auth/sqlservice.login https://www.googleapis.com/auth/userinfo.email openid https://www.googleapis.com/auth/compute https://www.googleapis.com/auth/accounts.reauth https://www.googleapis.com/auth/appengine.admin",
  "token_type": "Bearer",
  "id_token": "eyJhbGciOiJSUzI1NiIsImtpZCI6ImEzYjc2MmY4NzFjZGIzYmFlMDA0NGM2NDk2MjJmYzEzOTZlZGEzZTMiLCJ0eXAiOiJKV1QifQ.eyJpc3MiOiJodHRwczovL2FjY291bnRzLmdvb2dsZS5jb20iLCJhenAiOiIzMjU1NTk0MDU1OS5hcHBzLmdvb2dsZXVzZXJjb250ZW50LmNvbSIsImF1ZCI6IjMyNTU1OTQwNTU5LmFwcHMuZ29vZ2xldXNlcmNvbnRlbnQuY29tIiwic3ViIjoiMTAzODA4NTk1OTU0NTMwMTAwNTg5IiwiaGQiOiJzd2xhYnMuZnlpIiwiZW1haWwiOiJhZG1pbkBzd2xhYnMuZnlpIiwiZW1haWxfdmVyaWZpZWQiOnRydWUsImF0X2hhc2giOiJoemlMcEd2NWthRTVhMGVCWnZ0SG5RIiwiaWF0IjoxNzE1Nzg0NTYyLCJleHAiOjE3MTU3ODgxNjJ9.AdkgIXWolRdzR2KU10ydNGjEmnwGYA0qkKU4jlUCcIURgztnhuiMTu1u1oR-JlkyigBXfXAW_13EGFBN00Hf6yoM_XcITqbpEhl4BQAkf38hkP8m2I9mPvn5zx65AsezwRj89zjR3FR74TaqhF0UjSSvXnHoWeF-33IyBRKj-2ifCN040M4cbboPMe1xunyicINKrtzdsg2TrSHbP9wAB6uC_Sac9bGC-fxljrn5Zh6zLz-FEQowg7qEtzCwlUluxXjjZE3fygca9_8tVwHpLf957HjK_VynUoyd624ccRoHlnz085ppnErCJy_eD9fzNxVEA0bkA1DlQUhbgtDrqQ"
}.
2024-05-15 15:49:23,116 DEBUG    requests_oauthlib.oauth2_session Invoking 0 token response hooks.
2024-05-15 15:49:23,116 DEBUG    requests_oauthlib.oauth2_session Obtained token {'access_token': 'ya29.a0AXooCgsS1ori_M1Av5MvWVfKbHbobZmaFXpw04YyHruyRwYsQ-m30CyveJafrPUcrz40I81aaBaEVq5CtvTOYeIET6DyTwcrkKzz15xXioUD0j9ClBU93ek3eGavC4Cw25gs1OVgqmabmu8efd3wfAs4PBletECWibjb6VSDVwaCgYKAYkSARMSFQHGX2Mirk_oz02iHgShQvbrrb1ZNQ0177', 'expires_in': 3599, 'refresh_token': '1//03_pyl8doFDvxCgYIARAAGAMSNwF-L9Ir4Pm6VstQ3YofRil8XyHFHQ9l_yKA4ZmLgwk_dCcdEHD2vV0A5mSuoY0w2l40kGBstus', 'scope': ['https://www.googleapis.com/auth/cloud-platform', 'https://www.googleapis.com/auth/sqlservice.login', 'https://www.googleapis.com/auth/userinfo.email', 'openid', 'https://www.googleapis.com/auth/compute', 'https://www.googleapis.com/auth/accounts.reauth', 'https://www.googleapis.com/auth/appengine.admin'], 'token_type': 'Bearer', 'id_token': 'eyJhbGciOiJSUzI1NiIsImtpZCI6ImEzYjc2MmY4NzFjZGIzYmFlMDA0NGM2NDk2MjJmYzEzOTZlZGEzZTMiLCJ0eXAiOiJKV1QifQ.eyJpc3MiOiJodHRwczovL2FjY291bnRzLmdvb2dsZS5jb20iLCJhenAiOiIzMjU1NTk0MDU1OS5hcHBzLmdvb2dsZXVzZXJjb250ZW50LmNvbSIsImF1ZCI6IjMyNTU1OTQwNTU5LmFwcHMuZ29vZ2xldXNlcmNvbnRlbnQuY29tIiwic3ViIjoiMTAzODA4NTk1OTU0NTMwMTAwNTg5IiwiaGQiOiJzd2xhYnMuZnlpIiwiZW1haWwiOiJhZG1pbkBzd2xhYnMuZnlpIiwiZW1haWxfdmVyaWZpZWQiOnRydWUsImF0X2hhc2giOiJoemlMcEd2NWthRTVhMGVCWnZ0SG5RIiwiaWF0IjoxNzE1Nzg0NTYyLCJleHAiOjE3MTU3ODgxNjJ9.AdkgIXWolRdzR2KU10ydNGjEmnwGYA0qkKU4jlUCcIURgztnhuiMTu1u1oR-JlkyigBXfXAW_13EGFBN00Hf6yoM_XcITqbpEhl4BQAkf38hkP8m2I9mPvn5zx65AsezwRj89zjR3FR74TaqhF0UjSSvXnHoWeF-33IyBRKj-2ifCN040M4cbboPMe1xunyicINKrtzdsg2TrSHbP9wAB6uC_Sac9bGC-fxljrn5Zh6zLz-FEQowg7qEtzCwlUluxXjjZE3fygca9_8tVwHpLf957HjK_VynUoyd624ccRoHlnz085ppnErCJy_eD9fzNxVEA0bkA1DlQUhbgtDrqQ', 'expires_at': 1715788162.1163414}.
2024-05-15 15:49:23,124 INFO     ___FILE_ONLY___ 
You are now logged in as [admin@swlabs.fyi].
Your current project is [None].  You can change this setting by running:
  $ gcloud config set project PROJECT_ID

2024-05-15 15:49:23,124 DEBUG    root            Chosen display Format:none
2024-05-15 15:49:23,124 INFO     root            Display format: "none"
2024-05-15 15:49:23,125 DEBUG    root            Checking for updates...
2024-05-15 15:49:23,128 DEBUG    urllib3.connectionpool Starting new HTTPS connection (1): dl.google.com:443
2024-05-15 15:49:23,222 DEBUG    urllib3.connectionpool https://dl.google.com:443 "GET /dl/cloudsdk/channels/rapid/components-2.json HTTP/1.1" 200 222652
2024-05-15 15:49:23,298 DEBUG    root            Updating notification cache...
2024-05-15 15:49:23,298 DEBUG    root            Activating notification: [default]
2024-05-15 15:49:23,298 INFO     ___FILE_ONLY___ 

Updates are available for some Google Cloud CLI components.  To install them,
please run:
  $ gcloud components update


2024-05-15 15:49:23,300 INFO     ___FILE_ONLY___ 

To take a quick anonymous survey, run:
  $ gcloud survey


