2024-05-15 16:50:00,181 DEBUG    root            Loaded Command Group: ['gcloud', 'config']
2024-05-15 16:50:00,182 DEBUG    root            Loaded Command Group: ['gcloud', 'config', 'config_helper']
2024-05-15 16:50:00,183 DEBUG    root            Running [gcloud.config.config-helper] with arguments: [--format: "json"]
2024-05-15 16:50:00,186 DEBUG    root            Chosen display Format:default json
2024-05-15 16:50:00,186 INFO     root            Display format: "default json"
2024-05-15 16:50:00,186 INFO     ___FILE_ONLY___ {
  "configuration": {
    "active_configuration": "default",
    "properties": {
      "core": {
        "account": "admin@swlabs.fyi",
        "disable_usage_reporting": "True"
      }
    }
  },
  "credential": {
    "access_token": "ya29.a0AXooCgsBOQxp5LfAnXitigVVM8wlH9J6zKrSAiyDj_Bfy0NtgHDi8QGiR6h-b2IzC-jBKZaNZ1kG2aBWYqjHwKu3f4hOikGiQnOFkMddLVawBR4MaPAPj9IVxQxSphAP8fd3ro08x1olJtOzmlw2SBpyNsUeQCW0QBuHLDJZ1waCgYKAc0SARMSFQHGX2MicG4N4haqVi1Gn655vbstSg0177",
    "id_token": "eyJhbGciOiJSUzI1NiIsImtpZCI6ImEzYjc2MmY4NzFjZGIzYmFlMDA0NGM2NDk2MjJmYzEzOTZlZGEzZTMiLCJ0eXAiOiJKV1QifQ.eyJpc3MiOiJodHRwczovL2FjY291bnRzLmdvb2dsZS5jb20iLCJhenAiOiIzMjU1NTk0MDU1OS5hcHBzLmdvb2dsZXVzZXJjb250ZW50LmNvbSIsImF1ZCI6IjMyNTU1OTQwNTU5LmFwcHMuZ29vZ2xldXNlcmNvbnRlbnQuY29tIiwic3ViIjoiMTAzODA4NTk1OTU0NTMwMTAwNTg5IiwiaGQiOiJzd2xhYnMuZnlpIiwiZW1haWwiOiJhZG1pbkBzd2xhYnMuZnlpIiwiZW1haWxfdmVyaWZpZWQiOnRydWUsImF0X2hhc2giOiJpaVJwbmwwbkk5akhKMlRCMm5fQm53IiwiaWF0IjoxNzE1Nzg4MDc0LCJleHAiOjE3MTU3OTE2NzR9.igSgtV3tPWEiI0CSOGoIdA_zmAoIbNz0hRkA2ZUmdC9h3ygNN6h8s9e3QuISzjYwsawo8SIb3-d6Kwk7kPI_jgT35x7AxD3yp4QU_-UonvXlx7c4Rozi5QWx8ChwLtoRIe3KE8ERurfkMLxAnX3o6RCW9n816GQXPQuqyX0nJCrlX5y1frnoJMYZIBYyXPcOwGCXbgOQyA9q3hU4YuSaHSB2I3_PjgSHBNxu8l4E411G3poocHGQS8bWzeW4lGRN3rLVggnPIUcFfqGZ2YKodujTlqriwSNcGHuIqxYI05qqridtDc6F_O44rPjB70IqSA5LWgW_zHudgxfed531Cg",
    "token_expiry": "2024-05-15T16:47:54Z"
  },
  "sentinels": {
    "config_sentinel": "/home/dev/.config/gcloud/config_sentinel"
  }
}
2024-05-15 16:50:00,187 INFO     ___FILE_ONLY___ 

